      0.0000000      0.9999999      0.0000000      0.0000000      0.0000000
      0.0188365      0.9995288      0.0003721      0.0003721      0.0004711
      0.0376730      0.9972237      0.0023410      0.0023410      0.0027762
      0.0565095      0.9930993      0.0058933      0.0058933      0.0069006
      0.0753461      0.9871854      0.0110012      0.0110012      0.0128145
      0.0941826      0.9795278      0.0176225      0.0176225      0.0204721
      0.1130191      0.9701868      0.0257004      0.0257004      0.0298130
      0.1318556      0.9592371      0.0351654      0.0351654      0.0407628
      0.1506921      0.9467659      0.0459356      0.0459356      0.0532339
      0.1695286      0.9328725      0.0579180      0.0579180      0.0671274
      0.1883652      0.9176661      0.0710100      0.0710100      0.0823338
      0.2072017      0.9012652      0.0851006      0.0851006      0.0987347
      0.2260382      0.8837953      0.1000718      0.1000718      0.1162045
      0.2448747      0.8653883      0.1157998      0.1157998      0.1346116
      0.2637112      0.8461802      0.1321569      0.1321569      0.1538196
      0.2825477      0.8263103      0.1490123      0.1490123      0.1736896
      0.3013843      0.8059193      0.1662337      0.1662337      0.1940806
      0.3202208      0.7851487      0.1836884      0.1836884      0.2148512
      0.3390573      0.7641389      0.2012445      0.2012445      0.2358610
      0.3578938      0.7430287      0.2187717      0.2187717      0.2569712
      0.3767303      0.7219542      0.2361425      0.2361425      0.2780457
      0.3955668      0.7010476      0.2532330      0.2532330      0.2989522
      0.4144033      0.6804370      0.2699232      0.2699232      0.3195629
      0.4332399      0.6602450      0.2860983      0.2860983      0.3397549
      0.4520764      0.6405890      0.3016489      0.3016489      0.3594109
      0.4709129      0.6215800      0.3164714      0.3164714      0.3784199
      0.4897494      0.6033223      0.3304687      0.3304687      0.3966776
      0.5085859      0.5859134      0.3435504      0.3435504      0.4140865
      0.5274224      0.5694435      0.3556332      0.3556332      0.4305564
      0.5462590      0.5539950      0.3666409      0.3666409      0.4460049
      0.5650955      0.5396428      0.3765052      0.3765052      0.4603571
      0.5839320      0.5264536      0.3851652      0.3851652      0.4735463
      0.6027685      0.5144859      0.3925681      0.3925681      0.4855140
      0.6216050      0.5037901      0.3986692      0.3986692      0.4962098
      0.6404415      0.4944080      0.4034317      0.4034317      0.5055919
      0.6592780      0.4863732      0.4068272      0.4068272      0.5136267
      0.6781146      0.4797105      0.4088354      0.4088354      0.5202894
      0.6969511      0.4744364      0.4094444      0.4094444      0.5255634
      0.7157876      0.4705590      0.4086505      0.4086505      0.5294409
      0.7346241      0.4680776      0.4064581      0.4064581      0.5319223
      0.7534606      0.4669836      0.4028799      0.4028799      0.5330163
      0.7722971      0.4672598      0.3979364      0.3979364      0.5327401
      0.7911337      0.4688813      0.3916560      0.3916560      0.5311186
      0.8099702      0.4718150      0.3840748      0.3840748      0.5281849
      0.8288067      0.4760203      0.3752363      0.3752363      0.5239796
      0.8476432      0.4814493      0.3651911      0.3651911      0.5185505
      0.8664797      0.4880471      0.3539968      0.3539968      0.5119528
      0.8853162      0.4957518      0.3417173      0.3417173      0.5042481
      0.9041528      0.5044954      0.3284228      0.3284228      0.4955045
      0.9229893      0.5142039      0.3141893      0.3141893      0.4857960
      0.9418258      0.5247981      0.2990978      0.2990978      0.4752018
      0.9606623      0.5361934      0.2832343      0.2832343      0.4638065
      0.9794988      0.5483011      0.2666890      0.2666890      0.4516988
      0.9983353      0.5610285      0.2495559      0.2495559      0.4389714
      1.0171718      0.5742795      0.2319322      0.2319322      0.4257204
      1.0360084      0.5879554      0.2139176      0.2139176      0.4120445
      1.0548449      0.6019551      0.1956138      0.1956138      0.3980447
      1.0736814      0.6161764      0.1771241      0.1771241      0.3838235
      1.0925179      0.6305160      0.1585522      0.1585522      0.3694839
      1.1113544      0.6448702      0.1400022      0.1400022      0.3551297
      1.1301909      0.6591360      0.1215775      0.1215775      0.3408639
      1.1490275      0.6732113      0.1033806      0.1033806      0.3267886
      1.1678640      0.6869957      0.0855118      0.0855118      0.3130041
      1.1867005      0.7003913      0.0680696      0.0680696      0.2996086
      1.2055370      0.7133027      0.0511488      0.0511488      0.2866972
      1.2243735      0.7256384      0.0348413      0.0348413      0.2743615
      1.2432100      0.7373108      0.0192344      0.0192344      0.2626891
      1.2620466      0.7482369      0.0044109      0.0044109      0.2517630
      1.2808831      0.7583389     -0.0095517     -0.0095517      0.2416610
      1.2997196      0.7675445     -0.0225813     -0.0225813      0.2324554
      1.3185561      0.7757876     -0.0346121     -0.0346121      0.2242123
      1.3373926      0.7830084     -0.0455848     -0.0455848      0.2169915
      1.3562291      0.7891539     -0.0554468     -0.0554468      0.2108460
      1.3750656      0.7941784     -0.0641528     -0.0641528      0.2058215
      1.3939022      0.7980433     -0.0716648     -0.0716648      0.2019566
      1.4127387      0.8007179     -0.0779525     -0.0779525      0.1992820
      1.4315752      0.8021791     -0.0829933     -0.0829933      0.1978208
      1.4504117      0.8024117     -0.0867727     -0.0867727      0.1975882
      1.4692482      0.8014085     -0.0892839     -0.0892839      0.1985914
      1.4880847      0.7991703     -0.0905283     -0.0905283      0.2008296
      1.5069213      0.7957059     -0.0905153     -0.0905153      0.2042940
      1.5257578      0.7910318     -0.0892620     -0.0892620      0.2089681
      1.5445943      0.7851723     -0.0867934     -0.0867934      0.2148276
      1.5634308      0.7781594     -0.0831418     -0.0831418      0.2218405
      1.5822673      0.7700322     -0.0783471     -0.0783471      0.2299677
      1.6011038      0.7608369     -0.0724561     -0.0724561      0.2391630
      1.6199403      0.7506263     -0.0655222     -0.0655222      0.2493736
      1.6387769      0.7394598     -0.0576052     -0.0576052      0.2605400
      1.6576134      0.7274026     -0.0487709     -0.0487709      0.2725973
      1.6764499      0.7145251     -0.0390905     -0.0390905      0.2854747
      1.6952864      0.7009033     -0.0286403     -0.0286403      0.2990966
      1.7141229      0.6866171     -0.0175010     -0.0175010      0.3133828
      1.7329594      0.6717509     -0.0057572     -0.0057572      0.3282490
      1.7517960      0.6563920      0.0065029      0.0065029      0.3436079
      1.7706325      0.6406310      0.0191885      0.0191885      0.3593689
      1.7894690      0.6245605      0.0322063      0.0322063      0.3754394
      1.8083055      0.6082747      0.0454616      0.0454616      0.3917252
      1.8271420      0.5918690      0.0588587      0.0588587      0.4081309
      1.8459785      0.5754390      0.0723013      0.0723013      0.4245609
      1.8648151      0.5590803      0.0856935      0.0856935      0.4409196
      1.8836516      0.5428875      0.0989403      0.0989403      0.4571123
      1.9024881      0.5269539      0.1119478      0.1119478      0.4730459
      1.9213246      0.5113707      0.1246244      0.1246244      0.4886291
      1.9401611      0.4962266      0.1368813      0.1368813      0.5037733
      1.9589976      0.4816069      0.1486324      0.1486324      0.5183930
      1.9778341      0.4675934      0.1597957      0.1597957      0.5324065
      1.9966707      0.4542637      0.1702932      0.1702932      0.5457362
      2.0155072      0.4416907      0.1800517      0.1800517      0.5583092
      2.0343437      0.4299421      0.1890031      0.1890031      0.5700578
      2.0531802      0.4190801      0.1970849      0.1970849      0.5809198
      2.0720167      0.4091610      0.2042404      0.2042404      0.5908389
      2.0908532      0.4002348      0.2104194      0.2104194      0.5997651
      2.1096898      0.3923450      0.2155781      0.2155781      0.6076549
      2.1285263      0.3855282      0.2196795      0.2196795      0.6144717
      2.1473628      0.3798142      0.2226935      0.2226935      0.6201857
      2.1661993      0.3752255      0.2245976      0.2245976      0.6247744
      2.1850358      0.3717773      0.2253761      0.2253761      0.6282226
      2.2038723      0.3694776      0.2250208      0.2250208      0.6305223
      2.2227088      0.3683268      0.2235310      0.2235310      0.6316731
      2.2415454      0.3683183      0.2209132      0.2209132      0.6316815
      2.2603819      0.3694381      0.2171811      0.2171811      0.6305618
      2.2792184      0.3716650      0.2123557      0.2123557      0.6283349
      2.2980549      0.3749710      0.2064648      0.2064648      0.6250289
      2.3168914      0.3793213      0.1995430      0.1995430      0.6206786
      2.3357279      0.3846745      0.1916314      0.1916314      0.6153253
      2.3545645      0.3909834      0.1827772      0.1827772      0.6090165
      2.3734010      0.3981944      0.1730337      0.1730337      0.6018055
      2.3922375      0.4062489      0.1624594      0.1624594      0.5937510
      2.4110740      0.4150829      0.1511180      0.1511180      0.5849170
      2.4299105      0.4246280      0.1390778      0.1390778      0.5753719
      2.4487470      0.4348114      0.1264115      0.1264115      0.5651885
      2.4675836      0.4455569      0.1131952      0.1131952      0.5544430
      2.4864201      0.4567847      0.0995084      0.0995084      0.5432152
      2.5052566      0.4684128      0.0854332      0.0854332      0.5315871
      2.5240931      0.4803567      0.0710536      0.0710536      0.5196432
      2.5429296      0.4925305      0.0564556      0.0564556      0.5074693
      2.5617661      0.5048474      0.0417260      0.0417260      0.4951525
      2.5806026      0.5172200      0.0269518      0.0269518      0.4827799
      2.5994392      0.5295610      0.0122204      0.0122204      0.4704389
      2.6182757      0.5417839     -0.0023819     -0.0023819      0.4582160
      2.6371122      0.5538033     -0.0167699     -0.0167699      0.4461966
      2.6559487      0.5655357     -0.0308600     -0.0308600      0.4344642
      2.6747852      0.5768997     -0.0445711     -0.0445711      0.4231001
      2.6936217      0.5878171     -0.0578249     -0.0578249      0.4121828
      2.7124583      0.5982125     -0.0705463     -0.0705463      0.4017874
      2.7312948      0.6080145     -0.0826639     -0.0826639      0.3919854
      2.7501313      0.6171560     -0.0941106     -0.0941106      0.3828438
      2.7689678      0.6255744     -0.1048240     -0.1048240      0.3744254
      2.7878043      0.6332121     -0.1147466     -0.1147466      0.3667878
      2.8066408      0.6400168     -0.1238260     -0.1238260      0.3599831
      2.8254774      0.6459418     -0.1320158     -0.1320158      0.3540581
      2.8443139      0.6509465     -0.1392754     -0.1392754      0.3490533
      2.8631504      0.6549963     -0.1455702     -0.1455702      0.3450035
      2.8819869      0.6580630     -0.1508721     -0.1508721      0.3419369
      2.9008234      0.6601247     -0.1551593     -0.1551593      0.3398752
      2.9196599      0.6611664     -0.1584168     -0.1584168      0.3388335
      2.9384964      0.6611795     -0.1606362     -0.1606362      0.3388204
      2.9573330      0.6601621     -0.1618156     -0.1618156      0.3398378
      2.9761695      0.6581192     -0.1619599     -0.1619599      0.3418807
      2.9950060      0.6550620     -0.1610805     -0.1610805      0.3449379
      3.0138425      0.6510084     -0.1591954     -0.1591954      0.3489915
      3.0326790      0.6459828     -0.1563289     -0.1563289      0.3540171
      3.0515155      0.6400153     -0.1525113     -0.1525113      0.3599846
      3.0703521      0.6331423     -0.1477790     -0.1477790      0.3668576
      3.0891886      0.6254057     -0.1421739     -0.1421739      0.3745942
      3.1080251      0.6168527     -0.1357433     -0.1357433      0.3831472
      3.1268616      0.6075357     -0.1285395     -0.1285395      0.3924642
      3.1456981      0.5975116     -0.1206196     -0.1206196      0.4024883
      3.1645346      0.5868416     -0.1120448     -0.1120448      0.4131583
      3.1833711      0.5755908     -0.1028802     -0.1028802      0.4244090
      3.2022077      0.5638277     -0.0931943     -0.0931943      0.4361721
      3.2210442      0.5516238     -0.0830587     -0.0830587      0.4483761
      3.2398807      0.5390529     -0.0725473     -0.0725473      0.4609470
      3.2587172      0.5261910     -0.0617360     -0.0617360      0.4738089
      3.2775537      0.5131156     -0.0507023     -0.0507023      0.4868843
      3.2963902      0.4999050     -0.0395246     -0.0395246      0.5000949
      3.3152268      0.4866381     -0.0282819     -0.0282819      0.5133618
      3.3340633      0.4733939     -0.0170530     -0.0170530      0.5266060
      3.3528998      0.4602506     -0.0059164     -0.0059164      0.5397493
      3.3717363      0.4472855      0.0050508      0.0050508      0.5527144
      3.3905728      0.4345745      0.0157726      0.0157726      0.5654254
      3.4094093      0.4221912      0.0261754      0.0261754      0.5778087
      3.4282459      0.4102070      0.0361878      0.0361878      0.5897929
      3.4470824      0.3986902      0.0457415      0.0457415      0.6013096
      3.4659189      0.3877059      0.0547713      0.0547713      0.6122940
      3.4847554      0.3773154      0.0632161      0.0632161      0.6226845
      3.5035919      0.3675757      0.0710186      0.0710186      0.6324242
      3.5224284      0.3585397      0.0781261      0.0781261      0.6414602
      3.5412649      0.3502553      0.0844906      0.0844906      0.6497446
      3.5601015      0.3427652      0.0900694      0.0900694      0.6572347
      3.5789380      0.3361072      0.0948249      0.0948249      0.6638927
      3.5977745      0.3303131      0.0987250      0.0987250      0.6696868
      3.6166110      0.3254094      0.1017434      0.1017434      0.6745904
      3.6354475      0.3214166      0.1038596      0.1038596      0.6785833
      3.6542840      0.3183491      0.1050590      0.1050590      0.6816508
      3.6731206      0.3162156      0.1053332      0.1053332      0.6837843
      3.6919571      0.3150186      0.1046795      0.1046795      0.6849813
      3.7107936      0.3147545      0.1031015      0.1031015      0.6852454
      3.7296301      0.3154141      0.1006086      0.1006086      0.6845858
      3.7484666      0.3169819      0.0972161      0.0972161      0.6830180
      3.7673031      0.3194370      0.0929450      0.0929450      0.6805629
      3.7861397      0.3227528      0.0878219      0.0878219      0.6772470
      3.8049762      0.3268975      0.0818788      0.0818788      0.6731024
      3.8238127      0.3318338      0.0751526      0.0751526      0.6681661
      3.8426492      0.3375199      0.0676854      0.0676854      0.6624799
      3.8614857      0.3439095      0.0595237      0.0595237      0.6560904
      3.8803222      0.3509516      0.0507180      0.0507180      0.6490482
      3.8991587      0.3585919      0.0413231      0.0413231      0.6414080
      3.9179953      0.3667722      0.0313970      0.0313970      0.6332277
      3.9368318      0.3754312      0.0210009      0.0210009      0.6245687
      3.9556683      0.3845052      0.0101988      0.0101988      0.6154947
      3.9745048      0.3939279     -0.0009431     -0.0009431      0.6060720
      3.9933413      0.4036313     -0.0123568     -0.0123568      0.5963686
      4.0121778      0.4135460     -0.0239729     -0.0239729      0.5864539
      4.0310144      0.4236018     -0.0357211     -0.0357211      0.5763981
      4.0498509      0.4337277     -0.0475305     -0.0475305      0.5662722
      4.0686874      0.4438531     -0.0593304     -0.0593304      0.5561468
      4.0875239      0.4539076     -0.0710503     -0.0710503      0.5460923
      4.1063604      0.4638217     -0.0826208     -0.0826208      0.5361782
      4.1251969      0.4735273     -0.0939737     -0.0939737      0.5264726
      4.1440334      0.4829581     -0.1050427     -0.1050427      0.5170417
      4.1628700      0.4920500     -0.1157637     -0.1157637      0.5079499
      4.1817065      0.5007414     -0.1260750     -0.1260750      0.4992585
      4.2005430      0.5089737     -0.1359180     -0.1359180      0.4910262
      4.2193795      0.5166917     -0.1452376     -0.1452376      0.4833082
      4.2382160      0.5238439     -0.1539821     -0.1539821      0.4761560
      4.2570525      0.5303826     -0.1621039     -0.1621039      0.4696173
      4.2758891      0.5362646     -0.1695598     -0.1695598      0.4637353
      4.2947256      0.5414511     -0.1763108     -0.1763108      0.4585488
      4.3135621      0.5459081     -0.1823229     -0.1823229      0.4540918
      4.3323986      0.5496064     -0.1875671     -0.1875671      0.4503935
      4.3512351      0.5525220     -0.1920192     -0.1920192      0.4474779
      4.3700716      0.5546362     -0.1956605     -0.1956605      0.4453636
      4.3889082      0.5559356     -0.1984775     -0.1984775      0.4440643
      4.4077447      0.5564119     -0.2004621     -0.2004621      0.4435880
      4.4265812      0.5560624     -0.2016114     -0.2016114      0.4439375
      4.4454177      0.5548899     -0.2019282     -0.2019282      0.4451100
      4.4642542      0.5529022     -0.2014203     -0.2014203      0.4470977
      4.4830907      0.5501126     -0.2001009     -0.2001009      0.4498873
      4.5019272      0.5465393     -0.1979884     -0.1979884      0.4534606
      4.5207638      0.5422057     -0.1951060     -0.1951060      0.4577942
      4.5396003      0.5371397     -0.1914817     -0.1914817      0.4628602
      4.5584368      0.5313741     -0.1871481     -0.1871481      0.4686258
      4.5772733      0.5249457     -0.1821422     -0.1821422      0.4750542
      4.5961098      0.5178956     -0.1765049     -0.1765049      0.4821043
      4.6149463      0.5102686     -0.1702812     -0.1702812      0.4897312
      4.6337829      0.5021130     -0.1635191     -0.1635191      0.4978869
      4.6526194      0.4934802     -0.1562702     -0.1562702      0.5065197
      4.6714559      0.4844242     -0.1485885     -0.1485885      0.5155757
      4.6902924      0.4750017     -0.1405306     -0.1405306      0.5249982
      4.7091289      0.4652713     -0.1321552     -0.1321552      0.5347286
      4.7279654      0.4552932     -0.1235223     -0.1235223      0.5447067
      4.7468019      0.4451288     -0.1146935     -0.1146935      0.5548711
      4.7656385      0.4348405     -0.1057311     -0.1057311      0.5651594
      4.7844750      0.4244909     -0.0966978     -0.0966978      0.5755090
      4.8033115      0.4141428     -0.0876562     -0.0876562      0.5858571
      4.8221480      0.4038584     -0.0786687     -0.0786687      0.5961415
      4.8409845      0.3936994     -0.0697969     -0.0697969      0.6063005
      4.8598210      0.3837260     -0.0611011     -0.0611011      0.6162739
      4.8786576      0.3739970     -0.0526400     -0.0526400      0.6260028
      4.8974941      0.3645693     -0.0444705     -0.0444705      0.6354306
      4.9163306      0.3554974     -0.0366472     -0.0366472      0.6445025
      4.9351671      0.3468332     -0.0292219     -0.0292219      0.6531667
      4.9540036      0.3386256     -0.0222437     -0.0222437      0.6613743
      4.9728401      0.3309204     -0.0157583     -0.0157583      0.6690795
      4.9916767      0.3237597     -0.0098078     -0.0098078      0.6762402
      5.0105132      0.3171820     -0.0044307     -0.0044307      0.6828179
      5.0293497      0.3112217      0.0003384      0.0003384      0.6887782
      5.0481862      0.3059091      0.0044695      0.0044695      0.6940908
      5.0670227      0.3012701      0.0079364      0.0079364      0.6987298
      5.0858592      0.2973260      0.0107179      0.0107179      0.7026739
      5.1046957      0.2940937      0.0127969      0.0127969      0.7059062
      5.1235323      0.2915853      0.0141615      0.0141615      0.7084145
      5.1423688      0.2898083      0.0148041      0.0148041      0.7101916
      5.1612053      0.2887653      0.0147220      0.0147220      0.7112346
      5.1800418      0.2884542      0.0139173      0.0139173      0.7115457
      5.1988783      0.2888684      0.0123965      0.0123965      0.7111315
      5.2177148      0.2899966      0.0101710      0.0101710      0.7100033
      5.2365514      0.2918229      0.0072566      0.0072566      0.7081770
      5.2553879      0.2943272      0.0036732      0.0036732      0.7056727
      5.2742244      0.2974852     -0.0005547     -0.0005547      0.7025147
      5.2930609      0.3012684     -0.0053988     -0.0053988      0.6987315
      5.3118974      0.3056448     -0.0108271     -0.0108271      0.6943551
      5.3307339      0.3105785     -0.0168039     -0.0168039      0.6894214
      5.3495705      0.3160306     -0.0232901     -0.0232901      0.6839693
      5.3684070      0.3219590     -0.0302438     -0.0302438      0.6780409
      5.3872435      0.3283189     -0.0376202     -0.0376202      0.6716810
      5.4060800      0.3350631     -0.0453721     -0.0453721      0.6649368
      5.4249165      0.3421422     -0.0534504     -0.0534504      0.6578577
      5.4437530      0.3495051     -0.0618039     -0.0618039      0.6504948
      5.4625895      0.3570992     -0.0703801     -0.0703801      0.6429007
      5.4814261      0.3648711     -0.0791256     -0.0791256      0.6351288
      5.5002626      0.3727662     -0.0879859     -0.0879859      0.6272337
      5.5190991      0.3807299     -0.0969066     -0.0969066      0.6192700
      5.5379356      0.3887075     -0.1058329     -0.1058329      0.6112924
      5.5567721      0.3966445     -0.1147104     -0.1147104      0.6033553
      5.5756086      0.4044873     -0.1234857     -0.1234857      0.5955126
      5.5944452      0.4121832     -0.1321059     -0.1321059      0.5878167
      5.6132817      0.4196808     -0.1405200     -0.1405200      0.5803191
      5.6321182      0.4269305     -0.1486784     -0.1486784      0.5730694
      5.6509547      0.4338847     -0.1565334     -0.1565334      0.5661152
      5.6697912      0.4404979     -0.1640398     -0.1640398      0.5595020
      5.6886277      0.4467274     -0.1711549     -0.1711549      0.5532725
      5.7074642      0.4525332     -0.1778387     -0.1778387      0.5474667
      5.7263008      0.4578783     -0.1840544     -0.1840544      0.5421216
      5.7451373      0.4627290     -0.1897684     -0.1897684      0.5372709
      5.7639738      0.4670551     -0.1949505     -0.1949505      0.5329448
      5.7828103      0.4708300     -0.1995742     -0.1995742      0.5291699
      5.8016468      0.4740308     -0.2036168     -0.2036168      0.5259691
      5.8204833      0.4766386     -0.2070595     -0.2070595      0.5233613
      5.8393199      0.4786384     -0.2098872     -0.2098872      0.5213615
      5.8581564      0.4800193     -0.2120893     -0.2120893      0.5199806
      5.8769929      0.4807745     -0.2136590     -0.2136590      0.5192254
      5.8958294      0.4809012     -0.2145935     -0.2145935      0.5190987
      5.9146659      0.4804008     -0.2148945     -0.2148945      0.5195991
      5.9335024      0.4792786     -0.2145673     -0.2145673      0.5207212
      5.9523390      0.4775441     -0.2136215     -0.2136215      0.5224558
      5.9711755      0.4752104     -0.2120704     -0.2120704      0.5247894
      5.9900120      0.4722947     -0.2099311     -0.2099311      0.5277052
      6.0088485      0.4688175     -0.2072243     -0.2072243      0.5311824
      6.0276850      0.4648030     -0.2039744     -0.2039744      0.5351969
      6.0465215      0.4602786     -0.2002088     -0.2002088      0.5397213
      6.0653580      0.4552748     -0.1959582     -0.1959582      0.5447251
      6.0841946      0.4498250     -0.1912559     -0.1912559      0.5501749
      6.1030311      0.4439652     -0.1861382     -0.1861382      0.5560347
      6.1218676      0.4377337     -0.1806435     -0.1806435      0.5622662
      6.1407041      0.4311710     -0.1748124     -0.1748124      0.5688289
      6.1595406      0.4243195     -0.1686872     -0.1686872      0.5756804
      6.1783771      0.4172229     -0.1623120     -0.1623120      0.5827769
      6.1972137      0.4099265     -0.1557320     -0.1557320      0.5900734
      6.2160502      0.4024762     -0.1489933     -0.1489933      0.5975237
      6.2348867      0.3949188     -0.1421428     -0.1421428      0.6050811
      6.2537232      0.3873012     -0.1352275     -0.1352275      0.6126987
      6.2725597      0.3796706     -0.1282948     -0.1282948      0.6203292
      6.2913962      0.3720738     -0.1213914     -0.1213914      0.6279261
      6.3102328      0.3645570     -0.1145637     -0.1145637      0.6354429
      6.3290693      0.3571655     -0.1078572     -0.1078572      0.6428343
      6.3479058      0.3499437     -0.1013163     -0.1013163      0.6500562
      6.3667423      0.3429342     -0.0949837     -0.0949837      0.6570657
      6.3855788      0.3361782     -0.0889008     -0.0889008      0.6638217
      6.4044153      0.3297148     -0.0831068     -0.0831068      0.6702851
      6.4232518      0.3235811     -0.0776387     -0.0776387      0.6764188
      6.4420884      0.3178115     -0.0725314     -0.0725314      0.6821884
      6.4609249      0.3124382     -0.0678167     -0.0678167      0.6875617
      6.4797614      0.3074902     -0.0635242     -0.0635242      0.6925097
      6.4985979      0.3029939     -0.0596800     -0.0596800      0.6970060
      6.5174344      0.2989723     -0.0563075     -0.0563075      0.7010276
      6.5362709      0.2954454     -0.0534266     -0.0534266      0.7045545
      6.5551075      0.2924297     -0.0510540     -0.0510540      0.7075702
      6.5739440      0.2899385     -0.0492030     -0.0492030      0.7100614
      6.5927805      0.2879814     -0.0478834     -0.0478834      0.7120185
      6.6116170      0.2865646     -0.0471015     -0.0471015      0.7134353
      6.6304535      0.2856908     -0.0468602     -0.0468602      0.7143090
      6.6492900      0.2853593     -0.0471585     -0.0471585      0.7146406
      6.6681265      0.2855657     -0.0479925     -0.0479925      0.7144342
      6.6869631      0.2863024     -0.0493545     -0.0493545      0.7136975
      6.7057996      0.2875582     -0.0512335     -0.0512335      0.7124417
      6.7246361      0.2893190     -0.0536153     -0.0536153      0.7106809
      6.7434726      0.2915673     -0.0564827     -0.0564827      0.7084326
      6.7623091      0.2942827     -0.0598153     -0.0598153      0.7057172
      6.7811456      0.2974420     -0.0635900     -0.0635900      0.7025579
      6.7999822      0.3010194     -0.0677810     -0.0677810      0.6989805
      6.8188187      0.3049864     -0.0723600     -0.0723600      0.6950135
      6.8376552      0.3093125     -0.0772965     -0.0772965      0.6906873
      6.8564917      0.3139650     -0.0825579     -0.0825579      0.6860348
      6.8753282      0.3189094     -0.0881098     -0.0881098      0.6810905
      6.8941647      0.3241096     -0.0939162     -0.0939162      0.6758903
      6.9130013      0.3295281     -0.0999396     -0.0999396      0.6704718
      6.9318378      0.3351264     -0.1061416     -0.1061416      0.6648735
      6.9506743      0.3408652     -0.1124830     -0.1124830      0.6591347
      6.9695108      0.3467044     -0.1189238     -0.1189238      0.6532955
      6.9883473      0.3526039     -0.1254238     -0.1254238      0.6473960
      7.0071838      0.3585232     -0.1319428     -0.1319428      0.6414767
      7.0260203      0.3644223     -0.1384406     -0.1384406      0.6355775
      7.0448569      0.3702616     -0.1448779     -0.1448779      0.6297383
      7.0636934      0.3760020     -0.1512155     -0.1512155      0.6239979
      7.0825299      0.3816057     -0.1574157     -0.1574157      0.6183942
      7.1013664      0.3870357     -0.1634416     -0.1634416      0.6129642
      7.1202029      0.3922568     -0.1692581     -0.1692581      0.6077431
      7.1390394      0.3972352     -0.1748313     -0.1748313      0.6027647
      7.1578760      0.4019391     -0.1801294     -0.1801294      0.5980608
      7.1767125      0.4063385     -0.1851227     -0.1851227      0.5936614
      7.1955490      0.4104058     -0.1897835     -0.1897835      0.5895940
      7.2143855      0.4141158     -0.1940866     -0.1940866      0.5858840
      7.2332220      0.4174457     -0.1980092     -0.1980092      0.5825542
      7.2520585      0.4203753     -0.2015313     -0.2015313      0.5796245
      7.2708950      0.4228873     -0.2046355     -0.2046355      0.5771126
      7.2897316      0.4249671     -0.2073073     -0.2073073      0.5750328
      7.3085681      0.4266030     -0.2095351     -0.2095351      0.5733969
      7.3274046      0.4277863     -0.2113101     -0.2113101      0.5722136
      7.3462411      0.4285114     -0.2126267     -0.2126267      0.5714885
      7.3650776      0.4287755     -0.2134822     -0.2134822      0.5712244
      7.3839141      0.4285789     -0.2138769     -0.2138769      0.5714210
      7.4027507      0.4279248     -0.2138140     -0.2138140      0.5720751
      7.4215872      0.4268195     -0.2132998     -0.2132998      0.5731804
      7.4404237      0.4252718     -0.2123432     -0.2123432      0.5747281
      7.4592602      0.4232936     -0.2109560     -0.2109560      0.5767063
      7.4780967      0.4208994     -0.2091528     -0.2091528      0.5791005
      7.4969332      0.4181061     -0.2069505     -0.2069505      0.5818938
      7.5157698      0.4149332     -0.2043685     -0.2043685      0.5850666
      7.5346063      0.4114025     -0.2014287     -0.2014287      0.5885974
      7.5534428      0.4075378     -0.1981548     -0.1981548      0.5924621
      7.5722793      0.4033648     -0.1945726     -0.1945726      0.5966351
      7.5911158      0.3989112     -0.1907097     -0.1907097      0.6010887
      7.6099523      0.3942060     -0.1865952     -0.1865952      0.6057939
      7.6287888      0.3892798     -0.1822596     -0.1822596      0.6107200
      7.6476254      0.3841643     -0.1777346     -0.1777346      0.6158356
      7.6664619      0.3788920     -0.1730527     -0.1730527      0.6211079
      7.6852984      0.3734964     -0.1682473     -0.1682473      0.6265035
      7.7041349      0.3680112     -0.1633523     -0.1633523      0.6319887
      7.7229714      0.3624707     -0.1584017     -0.1584017      0.6375292
      7.7418079      0.3569090     -0.1534298     -0.1534298      0.6430908
      7.7606445      0.3513603     -0.1484706     -0.1484706      0.6486396
      7.7794810      0.3458581     -0.1435577     -0.1435577      0.6541418
      7.7983175      0.3404357     -0.1387242     -0.1387242      0.6595642
      7.8171540      0.3351252     -0.1340023     -0.1340023      0.6648747
      7.8359905      0.3299579     -0.1294234     -0.1294234      0.6700419
      7.8548270      0.3249641     -0.1250174     -0.1250174      0.6750358
      7.8736636      0.3201723     -0.1208131     -0.1208131      0.6798276
      7.8925001      0.3156098     -0.1168375     -0.1168375      0.6843900
      7.9113366      0.3113021     -0.1131162     -0.1131162      0.6886978
      7.9301731      0.3072726     -0.1096726     -0.1096726      0.6927273
      7.9490096      0.3035431     -0.1065283     -0.1065283      0.6964568
      7.9678461      0.3001330     -0.1037026     -0.1037026      0.6998669
      7.9866826      0.2970595     -0.1012129     -0.1012129      0.7029404
      8.0055192      0.2943376     -0.0990740     -0.0990740      0.7056623
      8.0243557      0.2919797     -0.0972984     -0.0972984      0.7080201
      8.0431922      0.2899961     -0.0958960     -0.0958960      0.7100038
      8.0620287      0.2883942     -0.0948744     -0.0948744      0.7116056
      8.0808652      0.2871792     -0.0942386     -0.0942386      0.7128207
      8.0997017      0.2863534     -0.0939911     -0.0939911      0.7136464
      8.1185383      0.2859170     -0.0941317     -0.0941317      0.7140829
      8.1373748      0.2858674     -0.0946579     -0.0946579      0.7141325
      8.1562113      0.2861996     -0.0955646     -0.0955646      0.7138003
      8.1750478      0.2869062     -0.0968444     -0.0968444      0.7130937
      8.1938843      0.2879775     -0.0984875     -0.0984875      0.7120224
      8.2127208      0.2894014     -0.1004816     -0.1004816      0.7105985
      8.2315573      0.2911638     -0.1028128     -0.1028128      0.7088361
      8.2503939      0.2932485     -0.1054645     -0.1054645      0.7067514
      8.2692304      0.2956373     -0.1084187     -0.1084187      0.7043626
      8.2880669      0.2983103     -0.1116553     -0.1116553      0.7016896
      8.3069034      0.3012459     -0.1151526     -0.1151526      0.6987540
      8.3257399      0.3044210     -0.1188875     -0.1188875      0.6955789
      8.3445764      0.3078113     -0.1228356     -0.1228356      0.6921886
      8.3634130      0.3113912     -0.1269712     -0.1269712      0.6886087
      8.3822495      0.3151341     -0.1312676     -0.1312676      0.6848658
      8.4010860      0.3190127     -0.1356975     -0.1356975      0.6809872
      8.4199225      0.3229991     -0.1402328     -0.1402328      0.6770008
      8.4387590      0.3270648     -0.1448450     -0.1448450      0.6729351
      8.4575955      0.3311813     -0.1495055     -0.1495055      0.6688186
      8.4764321      0.3353198     -0.1541855     -0.1541855      0.6646801
      8.4952686      0.3394518     -0.1588564     -0.1588564      0.6605481
      8.5141051      0.3435492     -0.1634898     -0.1634898      0.6564507
      8.5329416      0.3475840     -0.1680580     -0.1680580      0.6524159
      8.5517781      0.3515294     -0.1725337     -0.1725337      0.6484705
      8.5706146      0.3553591     -0.1768908     -0.1768908      0.6446408
      8.5894511      0.3590478     -0.1811039     -0.1811039      0.6409520
      8.6082877      0.3625716     -0.1851489     -0.1851489      0.6374283
      8.6271242      0.3659077     -0.1890030     -0.1890030      0.6340922
      8.6459607      0.3690347     -0.1926447     -0.1926447      0.6309652
      8.6647972      0.3719330     -0.1960543     -0.1960543      0.6280669
      8.6836337      0.3745844     -0.1992136     -0.1992136      0.6254155
      8.7024702      0.3769727     -0.2021062     -0.2021062      0.6230272
      8.7213068      0.3790834     -0.2047177     -0.2047177      0.6209165
      8.7401433      0.3809041     -0.2070354     -0.2070354      0.6190958
      8.7589798      0.3824243     -0.2090489     -0.2090489      0.6175756
      8.7778163      0.3836355     -0.2107496     -0.2107496      0.6163644
      8.7966528      0.3845315     -0.2121311     -0.2121311      0.6154683
      8.8154893      0.3851081     -0.2131892     -0.2131892      0.6148918
      8.8343259      0.3853631     -0.2139216     -0.2139216      0.6146368
      8.8531624      0.3852965     -0.2143284     -0.2143284      0.6147034
      8.8719989      0.3849105     -0.2144114     -0.2144114      0.6150894
      8.8908354      0.3842091     -0.2141750     -0.2141750      0.6157907
      8.9096719      0.3831987     -0.2136250     -0.2136250      0.6168012
      8.9285084      0.3818873     -0.2127697     -0.2127697      0.6181126
      8.9473449      0.3802848     -0.2116189     -0.2116189      0.6197151
      8.9661815      0.3784032     -0.2101843     -0.2101843      0.6215967
      8.9850180      0.3762559     -0.2084794     -0.2084794      0.6237440
      9.0038545      0.3738579     -0.2065193     -0.2065193      0.6261420
      9.0226910      0.3712260     -0.2043204     -0.2043204      0.6287739
      9.0415275      0.3683779     -0.2019007     -0.2019007      0.6316220
      9.0603640      0.3653330     -0.1992793     -0.1992793      0.6346669
      9.0792006      0.3621114     -0.1964763     -0.1964763      0.6378885
      9.0980371      0.3587345     -0.1935130     -0.1935130      0.6412654
      9.1168736      0.3552242     -0.1904113     -0.1904113      0.6447757
      9.1357101      0.3516032     -0.1871939     -0.1871939      0.6483967
      9.1545466      0.3478947     -0.1838840     -0.1838840      0.6521051
      9.1733831      0.3441224     -0.1805050     -0.1805050      0.6558775
      9.1922196      0.3403098     -0.1770806     -0.1770806      0.6596901
      9.2110562      0.3364808     -0.1736346     -0.1736346      0.6635191
      9.2298927      0.3326590     -0.1701905     -0.1701905      0.6673409
      9.2487292      0.3288678     -0.1667718     -0.1667718      0.6711321
      9.2675657      0.3251301     -0.1634012     -0.1634012      0.6748697
      9.2864022      0.3214685     -0.1601013     -0.1601013      0.6785314
      9.3052387      0.3179044     -0.1568936     -0.1568936      0.6820955
      9.3240753      0.3144589     -0.1537990     -0.1537990      0.6855410
      9.3429118      0.3111517     -0.1508374     -0.1508374      0.6888481
      9.3617483      0.3080018     -0.1480275     -0.1480275      0.6919981
      9.3805848      0.3050267     -0.1453870     -0.1453870      0.6949732
      9.3994213      0.3022427     -0.1429320     -0.1429320      0.6977572
      9.4182578      0.2996648     -0.1406777     -0.1406777      0.7003351
      9.4370944      0.2973064     -0.1386373     -0.1386373      0.7026935
      9.4559309      0.2951795     -0.1368229     -0.1368229      0.7048204
      9.4747674      0.2932943     -0.1352447     -0.1352447      0.7067056
      9.4936039      0.2916596     -0.1339114     -0.1339114      0.7083403
      9.5124404      0.2902823     -0.1328299     -0.1328299      0.7097176
      9.5312769      0.2891677     -0.1320056     -0.1320056      0.7108322
      9.5501134      0.2883192     -0.1314419     -0.1314419      0.7116806
      9.5689500      0.2877388     -0.1311406     -0.1311406      0.7122611
      9.5877865      0.2874263     -0.1311018     -0.1311018      0.7125736
      9.6066230      0.2873802     -0.1313237     -0.1313237      0.7126197
      9.6254595      0.2875971     -0.1318032     -0.1318032      0.7124028
      9.6442960      0.2880719     -0.1325351     -0.1325351      0.7119280
      9.6631325      0.2887981     -0.1335130     -0.1335130      0.7112017
      9.6819691      0.2897676     -0.1347286     -0.1347286      0.7102323
      9.7008056      0.2909707     -0.1361723     -0.1361723      0.7090292
      9.7196421      0.2923964     -0.1378333     -0.1378333      0.7076035
      9.7384786      0.2940324     -0.1396993     -0.1396993      0.7059674
      9.7573151      0.2958653     -0.1417566     -0.1417566      0.7041346
      9.7761516      0.2978803     -0.1439909     -0.1439909      0.7021195
      9.7949882      0.3000619     -0.1463864     -0.1463864      0.6999380
      9.8138247      0.3023936     -0.1489266     -0.1489266      0.6976063
      9.8326612      0.3048579     -0.1515944     -0.1515944      0.6951420
      9.8514977      0.3074371     -0.1543718     -0.1543718      0.6925628
      9.8703342      0.3101125     -0.1572404     -0.1572404      0.6898874
      9.8891707      0.3128653     -0.1601813     -0.1601813      0.6871345
      9.9080072      0.3156764     -0.1631754     -0.1631754      0.6843235
      9.9268438      0.3185264     -0.1662034     -0.1662034      0.6814735
      9.9456803      0.3213959     -0.1692461     -0.1692461      0.6786040
      9.9645168      0.3242657     -0.1722842     -0.1722842      0.6757342
      9.9833533      0.3271168     -0.1752987     -0.1752987      0.6728831
     10.0021898      0.3299304     -0.1782710     -0.1782710      0.6700695
     10.0210263      0.3326883     -0.1811830     -0.1811830      0.6673115
     10.0398629      0.3353730     -0.1840171     -0.1840171      0.6646269
     10.0586994      0.3379673     -0.1867563     -0.1867563      0.6620326
     10.0775359      0.3404552     -0.1893845     -0.1893845      0.6595447
     10.0963724      0.3428212     -0.1918866     -0.1918866      0.6571787
     10.1152089      0.3450511     -0.1942481     -0.1942481      0.6549488
     10.1340454      0.3471315     -0.1964559     -0.1964559      0.6528684
     10.1528819      0.3490502     -0.1984979     -0.1984979      0.6509497
     10.1717185      0.3507963     -0.2003632     -0.2003632      0.6492035
     10.1905550      0.3523601     -0.2020420     -0.2020420      0.6476398
     10.2093915      0.3537331     -0.2035262     -0.2035262      0.6462668
     10.2282280      0.3549081     -0.2048086     -0.2048086      0.6450918
     10.2470645      0.3558795     -0.2058835     -0.2058835      0.6441204
     10.2659010      0.3566429     -0.2067468     -0.2067468      0.6433570
     10.2847376      0.3571953     -0.2073956     -0.2073956      0.6428046
     10.3035741      0.3575353     -0.2078284     -0.2078284      0.6424646
     10.3224106      0.3576626     -0.2080452     -0.2080452      0.6423373
     10.3412471      0.3575785     -0.2080472     -0.2080472      0.6424214
     10.3600836      0.3572856     -0.2078373     -0.2078373      0.6427143
     10.3789201      0.3567879     -0.2074193     -0.2074193      0.6432120
     10.3977567      0.3560904     -0.2067988     -0.2067988      0.6439094
     10.4165932      0.3551998     -0.2059821     -0.2059821      0.6448001
     10.4354297      0.3541236     -0.2049770     -0.2049770      0.6458762
     10.4542662      0.3528706     -0.2037924     -0.2037924      0.6471293
     10.4731027      0.3514506     -0.2024381     -0.2024381      0.6485493
     10.4919392      0.3498743     -0.2009252     -0.2009252      0.6501255
     10.5107757      0.3481535     -0.1992653     -0.1992653      0.6518464
     10.5296123      0.3463006     -0.1974710     -0.1974710      0.6536993
     10.5484488      0.3443288     -0.1955556     -0.1955556      0.6556711
     10.5672853      0.3422519     -0.1935331     -0.1935331      0.6577480
     10.5861218      0.3400843     -0.1914179     -0.1914179      0.6599155
     10.6049583      0.3378408     -0.1892249     -0.1892249      0.6621591
     10.6237948      0.3355364     -0.1869693     -0.1869693      0.6644635
     10.6426314      0.3331865     -0.1846666     -0.1846666      0.6668133
     10.6614679      0.3308066     -0.1823323     -0.1823323      0.6691933
     10.6803044      0.3284120     -0.1799820     -0.1799820      0.6715878
     10.6991409      0.3260183     -0.1776311     -0.1776311      0.6739816
     10.7179774      0.3236406     -0.1752951     -0.1752951      0.6763593
     10.7368139      0.3212939     -0.1729890     -0.1729890      0.6787060
     10.7556504      0.3189927     -0.1707275     -0.1707275      0.6810072
     10.7744870      0.3167511     -0.1685247     -0.1685247      0.6832488
     10.7933235      0.3145828     -0.1663944     -0.1663944      0.6854171
     10.8121600      0.3125007     -0.1643497     -0.1643497      0.6874992
     10.8309965      0.3105170     -0.1624029     -0.1624029      0.6894829
     10.8498330      0.3086432     -0.1605655     -0.1605655      0.6913567
     10.8686695      0.3068900     -0.1588484     -0.1588484      0.6931099
     10.8875061      0.3052669     -0.1572613     -0.1572613      0.6947329
     10.9063426      0.3037830     -0.1558131     -0.1558131      0.6962169
     10.9251791      0.3024458     -0.1545118     -0.1545118      0.6975541
     10.9440156      0.3012622     -0.1533641     -0.1533641      0.6987377
     10.9628521      0.3002378     -0.1523759     -0.1523759      0.6997621
     10.9816886      0.2993772     -0.1515519     -0.1515519      0.7006227
     11.0005252      0.2986839     -0.1508955     -0.1508955      0.7013160
     11.0193617      0.2981603     -0.1504094     -0.1504094      0.7018396
     11.0381982      0.2978074     -0.1500947     -0.1500947      0.7021925
     11.0570347      0.2976256     -0.1499518     -0.1499518      0.7023743
     11.0758712      0.2976136     -0.1499796     -0.1499796      0.7023862
     11.0947077      0.2977696     -0.1501763     -0.1501763      0.7022303
     11.1135442      0.2980903     -0.1505388     -0.1505388      0.7019096
     11.1323808      0.2985715     -0.1510629     -0.1510629      0.7014284
     11.1512173      0.2992080     -0.1517437     -0.1517437      0.7007919
     11.1700538      0.2999939     -0.1525750     -0.1525750      0.7000060
     11.1888903      0.3009219     -0.1535500     -0.1535500      0.6990780
     11.2077268      0.3019844     -0.1546610     -0.1546610      0.6980155
     11.2265633      0.3031726     -0.1558993     -0.1558993      0.6968273
     11.2453999      0.3044772     -0.1572558     -0.1572558      0.6955227
     11.2642364      0.3058883     -0.1587205     -0.1587205      0.6941116
     11.2830729      0.3073952     -0.1602829     -0.1602829      0.6926047
     11.3019094      0.3089869     -0.1619321     -0.1619321      0.6910130
     11.3207459      0.3106518     -0.1636566     -0.1636566      0.6893480
     11.3395824      0.3123783     -0.1654447     -0.1654447      0.6876216
     11.3584190      0.3141541     -0.1672844     -0.1672844      0.6858458
     11.3772555      0.3159670     -0.1691635     -0.1691635      0.6840329
     11.3960920      0.3178046     -0.1710697     -0.1710697      0.6821953
     11.4149285      0.3196545     -0.1729905     -0.1729905      0.6803453
     11.4337650      0.3215044     -0.1749139     -0.1749139      0.6784955
     11.4526015      0.3233421     -0.1768276     -0.1768276      0.6766578
     11.4714380      0.3251555     -0.1787197     -0.1787197      0.6748444
     11.4902746      0.3269330     -0.1805786     -0.1805786      0.6730669
     11.5091111      0.3286633     -0.1823929     -0.1823929      0.6713366
     11.5279476      0.3303354     -0.1841520     -0.1841520      0.6696645
     11.5467841      0.3319389     -0.1858454     -0.1858454      0.6680609
     11.5656206      0.3334641     -0.1874633     -0.1874633      0.6665358
     11.5844571      0.3349016     -0.1889966     -0.1889966      0.6650982
     11.6032937      0.3362430     -0.1904368     -0.1904368      0.6637569
     11.6221302      0.3374803     -0.1917759     -0.1917759      0.6625196
     11.6409667      0.3386065     -0.1930071     -0.1930071      0.6613934
     11.6598032      0.3396152     -0.1941239     -0.1941239      0.6603847
     11.6786397      0.3405010     -0.1951211     -0.1951211      0.6594988
     11.6974762      0.3412594     -0.1959940     -0.1959940      0.6587405
     11.7163127      0.3418864     -0.1967389     -0.1967389      0.6581135
     11.7351493      0.3423792     -0.1973529     -0.1973529      0.6576206
     11.7539858      0.3427360     -0.1978341     -0.1978341      0.6572639
     11.7728223      0.3429555     -0.1981814     -0.1981814      0.6570444
     11.7916588      0.3430376     -0.1983947     -0.1983947      0.6569623
     11.8104953      0.3429829     -0.1984747     -0.1984747      0.6570170
     11.8293318      0.3427931     -0.1984229     -0.1984229      0.6572068
     11.8481684      0.3424704     -0.1982417     -0.1982417      0.6575295
     11.8670049      0.3420182     -0.1979343     -0.1979343      0.6579817
     11.8858414      0.3414404     -0.1975048     -0.1975048      0.6585595
     11.9046779      0.3407418     -0.1969580     -0.1969580      0.6592581
     11.9235144      0.3399278     -0.1962992     -0.1962992      0.6600721
     11.9423509      0.3390045     -0.1955346     -0.1955346      0.6609954
     11.9611875      0.3379788     -0.1946711     -0.1946711      0.6620211
     11.9800240      0.3368580     -0.1937158     -0.1937158      0.6631419
     11.9988605      0.3356498     -0.1926766     -0.1926766      0.6643500
     12.0176970      0.3343627     -0.1915619     -0.1915619      0.6656372
     12.0365335      0.3330052     -0.1903803     -0.1903803      0.6669947
     12.0553700      0.3315865     -0.1891408     -0.1891408      0.6684134
     12.0742065      0.3301158     -0.1878527     -0.1878527      0.6698840
     12.0930431      0.3286027     -0.1865255     -0.1865255      0.6713971
     12.1118796      0.3270569     -0.1851689     -0.1851689      0.6729430
     12.1307161      0.3254881     -0.1837926     -0.1837926      0.6745118
     12.1495526      0.3239060     -0.1824064     -0.1824064      0.6760939
     12.1683891      0.3223205     -0.1810199     -0.1810199      0.6776794
     12.1872256      0.3207411     -0.1796427     -0.1796427      0.6792588
     12.2060622      0.3191773     -0.1782842     -0.1782842      0.6808226
     12.2248987      0.3176383     -0.1769537     -0.1769537      0.6823616
     12.2437352      0.3161331     -0.1756601     -0.1756601      0.6838667
     12.2625717      0.3146704     -0.1744118     -0.1744118      0.6853295
     12.2814082      0.3132582     -0.1732172     -0.1732172      0.6867417
     12.3002447      0.3119044     -0.1720838     -0.1720838      0.6880955
     12.3190813      0.3106164     -0.1710190     -0.1710190      0.6893835
     12.3379178      0.3094008     -0.1700294     -0.1700294      0.6905991
     12.3567543      0.3082639     -0.1691213     -0.1691213      0.6917360
     12.3755908      0.3072113     -0.1683002     -0.1683002      0.6927886
     12.3944273      0.3062480     -0.1675710     -0.1675710      0.6937518
     12.4132638      0.3053785     -0.1669380     -0.1669380      0.6946214
     12.4321003      0.3046063     -0.1664048     -0.1664048      0.6953936
     12.4509369      0.3039344     -0.1659744     -0.1659744      0.6960655
     12.4697734      0.3033652     -0.1656490     -0.1656490      0.6966347
     12.4886099      0.3029003     -0.1654301     -0.1654301      0.6970996
     12.5074464      0.3025406     -0.1653185     -0.1653185      0.6974593
     12.5262829      0.3022863     -0.1653145     -0.1653145      0.6977136
     12.5451194      0.3021370     -0.1654174     -0.1654174      0.6978629
     12.5639560      0.3020914     -0.1656260     -0.1656260      0.6979085
     12.5827925      0.3021478     -0.1659383     -0.1659383      0.6978521
     12.6016290      0.3023036     -0.1663519     -0.1663519      0.6976962
     12.6204655      0.3025559     -0.1668636     -0.1668636      0.6974439
     12.6393020      0.3029010     -0.1674696     -0.1674696      0.6970989
     12.6581385      0.3033346     -0.1681656     -0.1681656      0.6966653
     12.6769750      0.3038520     -0.1689468     -0.1689468      0.6961479
     12.6958116      0.3044480     -0.1698078     -0.1698078      0.6955519
     12.7146481      0.3051169     -0.1707429     -0.1707429      0.6948830
     12.7334846      0.3058526     -0.1717458     -0.1717458      0.6941473
     12.7523211      0.3066487     -0.1728102     -0.1728102      0.6933512
     12.7711576      0.3074984     -0.1739290     -0.1739290      0.6925014
     12.7899941      0.3083948     -0.1750953     -0.1750953      0.6916050
     12.8088307      0.3093307     -0.1763017     -0.1763017      0.6906692
     12.8276672      0.3102986     -0.1775407     -0.1775407      0.6897013
     12.8465037      0.3112910     -0.1788047     -0.1788047      0.6887089
     12.8653402      0.3123005     -0.1800860     -0.1800860      0.6876994
     12.8841767      0.3133194     -0.1813771     -0.1813771      0.6866805
     12.9030132      0.3143402     -0.1826701     -0.1826701      0.6856597
     12.9218498      0.3153555     -0.1839577     -0.1839577      0.6846444
     12.9406863      0.3163580     -0.1852323     -0.1852323      0.6836419
     12.9595228      0.3173405     -0.1864867     -0.1864867      0.6826594
     12.9783593      0.3182961     -0.1877140     -0.1877140      0.6817038
     12.9971958      0.3192182     -0.1889073     -0.1889073      0.6807817
     13.0160323      0.3201005     -0.1900603     -0.1900603      0.6798994
     13.0348688      0.3209369     -0.1911667     -0.1911667      0.6790630
     13.0537054      0.3217219     -0.1922210     -0.1922210      0.6782780
     13.0725419      0.3224503     -0.1932177     -0.1932177      0.6775496
     13.0913784      0.3231172     -0.1941520     -0.1941520      0.6768827
     13.1102149      0.3237185     -0.1950196     -0.1950196      0.6762814
     13.1290514      0.3242502     -0.1958164     -0.1958164      0.6757497
     13.1478879      0.3247091     -0.1965391     -0.1965391      0.6752908
     13.1667245      0.3250924     -0.1971847     -0.1971847      0.6749074
     13.1855610      0.3253979     -0.1977510     -0.1977510      0.6746020
     13.2043975      0.3256238     -0.1982360     -0.1982360      0.6743761
     13.2232340      0.3257690     -0.1986385     -0.1986385      0.6742309
     13.2420705      0.3258328     -0.1989578     -0.1989578      0.6741671
     13.2609070      0.3258151     -0.1991937     -0.1991937      0.6741847
     13.2797435      0.3257165     -0.1993465     -0.1993465      0.6742834
     13.2985801      0.3255379     -0.1994171     -0.1994171      0.6744620
     13.3174166      0.3252807     -0.1994069     -0.1994069      0.6747192
     13.3362531      0.3249470     -0.1993177     -0.1993177      0.6750529
     13.3550896      0.3245393     -0.1991520     -0.1991520      0.6754606
     13.3739261      0.3240604     -0.1989125     -0.1989125      0.6759395
     13.3927626      0.3235137     -0.1986026     -0.1986026      0.6764862
     13.4115992      0.3229029     -0.1982258     -0.1982258      0.6770970
     13.4304357      0.3222323     -0.1977861     -0.1977861      0.6777676
     13.4492722      0.3215062     -0.1972880     -0.1972880      0.6784937
     13.4681087      0.3207294     -0.1967362     -0.1967362      0.6792705
     13.4869452      0.3199070     -0.1961355     -0.1961355      0.6800929
     13.5057817      0.3190442     -0.1954912     -0.1954912      0.6809557
     13.5246183      0.3181466     -0.1948088     -0.1948088      0.6818533
     13.5434548      0.3172198     -0.1940936     -0.1940936      0.6827801
     13.5622913      0.3162696     -0.1933515     -0.1933515      0.6837303
     13.5811278      0.3153018     -0.1925882     -0.1925882      0.6846981
     13.5999643      0.3143223     -0.1918095     -0.1918095      0.6856776
     13.6188008      0.3133371     -0.1910213     -0.1910213      0.6866628
     13.6376373      0.3123519     -0.1902293     -0.1902293      0.6876480
     13.6564739      0.3113727     -0.1894393     -0.1894393      0.6886272
     13.6753104      0.3104051     -0.1886568     -0.1886568      0.6895948
     13.6941469      0.3094546     -0.1878875     -0.1878875      0.6905452
     13.7129834      0.3085268     -0.1871366     -0.1871366      0.6914731
     13.7318199      0.3076266     -0.1864092     -0.1864092      0.6923733
     13.7506564      0.3067591     -0.1857102     -0.1857102      0.6932408
     13.7694930      0.3059289     -0.1850442     -0.1850442      0.6940710
     13.7883295      0.3051405     -0.1844155     -0.1844155      0.6948594
     13.8071660      0.3043978     -0.1838281     -0.1838281      0.6956021
     13.8260025      0.3037046     -0.1832857     -0.1832857      0.6962953
     13.8448390      0.3030642     -0.1827916     -0.1827916      0.6969357
     13.8636755      0.3024797     -0.1823487     -0.1823487      0.6975202
     13.8825121      0.3019536     -0.1819596     -0.1819596      0.6980463
     13.9013486      0.3014881     -0.1816264     -0.1816264      0.6985118
     13.9201851      0.3010850     -0.1813509     -0.1813509      0.6989149
     13.9390216      0.3007457     -0.1811344     -0.1811344      0.6992542
     13.9578581      0.3004711     -0.1809778     -0.1809778      0.6995288
     13.9766946      0.3002618     -0.1808816     -0.1808816      0.6997381
     13.9955311      0.3001178     -0.1808460     -0.1808460      0.6998821
     14.0143677      0.3000389     -0.1808705     -0.1808705      0.6999610
     14.0332042      0.3000244     -0.1809546     -0.1809546      0.6999755
     14.0520407      0.3000732     -0.1810969     -0.1810969      0.6999267
     14.0708772      0.3001838     -0.1812962     -0.1812962      0.6998161
     14.0897137      0.3003544     -0.1815505     -0.1815505      0.6996455
     14.1085502      0.3005828     -0.1818576     -0.1818576      0.6994171
     14.1273868      0.3008664     -0.1822151     -0.1822151      0.6991334
     14.1462233      0.3012026     -0.1826200     -0.1826200      0.6987973
     14.1650598      0.3015881     -0.1830693     -0.1830693      0.6984118
     14.1838963      0.3020195     -0.1835596     -0.1835596      0.6979803
     14.2027328      0.3024934     -0.1840874     -0.1840874      0.6975065
     14.2215693      0.3030059     -0.1846487     -0.1846487      0.6969940
     14.2404058      0.3035529     -0.1852397     -0.1852397      0.6964470
     14.2592424      0.3041304     -0.1858562     -0.1858562      0.6958695
     14.2780789      0.3047340     -0.1864940     -0.1864940      0.6952659
     14.2969154      0.3053595     -0.1871487     -0.1871487      0.6946404
     14.3157519      0.3060023     -0.1878158     -0.1878158      0.6939976
     14.3345884      0.3066580     -0.1884910     -0.1884910      0.6933418
     14.3534249      0.3073223     -0.1891699     -0.1891699      0.6926776
     14.3722615      0.3079905     -0.1898480     -0.1898480      0.6920094
     14.3910980      0.3086583     -0.1905209     -0.1905209      0.6913416
     14.4099345      0.3093214     -0.1911844     -0.1911844      0.6906785
     14.4287710      0.3099756     -0.1918344     -0.1918344      0.6900243
     14.4476075      0.3106169     -0.1924667     -0.1924667      0.6893830
     14.4664440      0.3112412     -0.1930775     -0.1930775      0.6887587
     14.4852806      0.3118449     -0.1936632     -0.1936632      0.6881550
     14.5041171      0.3124244     -0.1942202     -0.1942202      0.6875755
     14.5229536      0.3129765     -0.1947453     -0.1947453      0.6870234
     14.5417901      0.3134979     -0.1952354     -0.1952354      0.6865020
     14.5606266      0.3139860     -0.1956879     -0.1956879      0.6860139
     14.5794631      0.3144381     -0.1961001     -0.1961001      0.6855618
     14.5982996      0.3148520     -0.1964700     -0.1964700      0.6851479
     14.6171362      0.3152257     -0.1967955     -0.1967955      0.6847741
     14.6359727      0.3155576     -0.1970751     -0.1970751      0.6844423
     14.6548092      0.3158462     -0.1973075     -0.1973075      0.6841537
     14.6736457      0.3160905     -0.1974917     -0.1974917      0.6839094
     14.6924822      0.3162897     -0.1976270     -0.1976270      0.6837102
     14.7113187      0.3164435     -0.1977131     -0.1977131      0.6835564
     14.7301553      0.3165517     -0.1977500     -0.1977500      0.6834482
     14.7489918      0.3166144     -0.1977379     -0.1977379      0.6833855
     14.7678283      0.3166322     -0.1976773     -0.1976773      0.6833676
     14.7866648      0.3166059     -0.1975692     -0.1975692      0.6833940
     14.8055013      0.3165365     -0.1974148     -0.1974148      0.6834633
     14.8243378      0.3164254     -0.1972154     -0.1972154      0.6835745
     14.8431744      0.3162742     -0.1969727     -0.1969727      0.6837257
     14.8620109      0.3160846     -0.1966887     -0.1966887      0.6839153
     14.8808474      0.3158588     -0.1963656     -0.1963656      0.6841411
     14.8996839      0.3155991     -0.1960057     -0.1960057      0.6844008
     14.9185204      0.3153079     -0.1956116     -0.1956116      0.6846920
     14.9373569      0.3149879     -0.1951861     -0.1951861      0.6850120
     14.9561934      0.3146419     -0.1947320     -0.1947320      0.6853580
     14.9750300      0.3142728     -0.1942525     -0.1942525      0.6857271
     14.9938665      0.3138837     -0.1937507     -0.1937507      0.6861162
     15.0127030      0.3134777     -0.1932298     -0.1932298      0.6865222
     15.0315395      0.3130581     -0.1926932     -0.1926932      0.6869418
     15.0503760      0.3126280     -0.1921442     -0.1921442      0.6873719
     15.0692125      0.3121908     -0.1915862     -0.1915862      0.6878090
     15.0880491      0.3117498     -0.1910226     -0.1910226      0.6882501
     15.1068856      0.3113082     -0.1904568     -0.1904568      0.6886917
     15.1257221      0.3108692     -0.1898922     -0.1898922      0.6891307
     15.1445586      0.3104360     -0.1893319     -0.1893319      0.6895639
     15.1633951      0.3100117     -0.1887793     -0.1887793      0.6899882
     15.1822316      0.3095992     -0.1882373     -0.1882373      0.6904007
     15.2010681      0.3092014     -0.1877090     -0.1877090      0.6907985
     15.2199047      0.3088210     -0.1871972     -0.1871972      0.6911789
     15.2387412      0.3084606     -0.1867046     -0.1867046      0.6915392
     15.2575777      0.3081227     -0.1862338     -0.1862338      0.6918772
     15.2764142      0.3078093     -0.1857870     -0.1857870      0.6921906
     15.2952507      0.3075226     -0.1853664     -0.1853664      0.6924773
     15.3140872      0.3072643     -0.1849739     -0.1849739      0.6927356
     15.3329238      0.3070361     -0.1846114     -0.1846114      0.6929638
     15.3517603      0.3068394     -0.1842802     -0.1842802      0.6931605
     15.3705968      0.3066753     -0.1839818     -0.1839818      0.6933245
     15.3894333      0.3065449     -0.1837172     -0.1837172      0.6934550
     15.4082698      0.3064487     -0.1834871     -0.1834871      0.6935512
     15.4271063      0.3063873     -0.1832922     -0.1832922      0.6936126
     15.4459429      0.3063608     -0.1831328     -0.1831328      0.6936390
     15.4647794      0.3063694     -0.1830091     -0.1830091      0.6936305
     15.4836159      0.3064128     -0.1829209     -0.1829209      0.6935871
     15.5024524      0.3064904     -0.1828680     -0.1828680      0.6935095
     15.5212889      0.3066017     -0.1828497     -0.1828497      0.6933981
     15.5401254      0.3067458     -0.1828653     -0.1828653      0.6932541
     15.5589619      0.3069216     -0.1829139     -0.1829139      0.6930783
     15.5777985      0.3071278     -0.1829942     -0.1829942      0.6928721
     15.5966350      0.3073629     -0.1831049     -0.1831049      0.6926370
     15.6154715      0.3076253     -0.1832445     -0.1832445      0.6923746
     15.6343080      0.3079132     -0.1834114     -0.1834114      0.6920867
     15.6531445      0.3082247     -0.1836036     -0.1836036      0.6917751
     15.6719810      0.3085578     -0.1838193     -0.1838193      0.6914421
     15.6908176      0.3089102     -0.1840564     -0.1840564      0.6910897
     15.7096541      0.3092797     -0.1843127     -0.1843127      0.6907202
     15.7284906      0.3096639     -0.1845860     -0.1845860      0.6903360
     15.7473271      0.3100604     -0.1848739     -0.1848739      0.6899395
     15.7661636      0.3104667     -0.1851740     -0.1851740      0.6895332
     15.7850001      0.3108803     -0.1854840     -0.1854840      0.6891196
     15.8038366      0.3112987     -0.1858015     -0.1858015      0.6887011
     15.8226732      0.3117194     -0.1861240     -0.1861240      0.6882805
     15.8415097      0.3121399     -0.1864490     -0.1864490      0.6878600
     15.8603462      0.3125576     -0.1867743     -0.1867743      0.6874423
     15.8791827      0.3129702     -0.1870975     -0.1870975      0.6870297
     15.8980192      0.3133752     -0.1874162     -0.1874162      0.6866247
     15.9168557      0.3137705     -0.1877283     -0.1877283      0.6862294
     15.9356923      0.3141537     -0.1880317     -0.1880317      0.6858462
     15.9545288      0.3145228     -0.1883244     -0.1883244      0.6854770
     15.9733653      0.3148759     -0.1886043     -0.1886043      0.6851240
     15.9922018      0.3152109     -0.1888699     -0.1888699      0.6847890
