      0.0000000      0.1464466     -0.3535534     -0.3535534      0.8535533
      0.0188365      0.1465166     -0.3529571     -0.3529571      0.8534833
      0.0376730      0.1467544     -0.3499350     -0.3499350      0.8532456
      0.0565095      0.1471589     -0.3445067     -0.3445067      0.8528410
      0.0753461      0.1477287     -0.3367131     -0.3367131      0.8522712
      0.0941826      0.1484616     -0.3266164     -0.3266164      0.8515383
      0.1130191      0.1493547     -0.3142994     -0.3142994      0.8506453
      0.1318556      0.1504046     -0.2998640     -0.2998640      0.8495954
      0.1506921      0.1516073     -0.2834299     -0.2834299      0.8483926
      0.1695286      0.1529587     -0.2651329     -0.2651329      0.8470413
      0.1883652      0.1544537     -0.2451229     -0.2451229      0.8455462
      0.2072017      0.1560874     -0.2235622     -0.2235622      0.8439126
      0.2260382      0.1578542     -0.2006229     -0.2006229      0.8421457
      0.2448747      0.1597485     -0.1764858     -0.1764858      0.8402514
      0.2637112      0.1617645     -0.1513374     -0.1513374      0.8382355
      0.2825477      0.1638961     -0.1253687     -0.1253687      0.8361038
      0.3013843      0.1661373     -0.0987727     -0.0987727      0.8338626
      0.3202208      0.1684820     -0.0717433     -0.0717433      0.8315179
      0.3390573      0.1709242     -0.0444731     -0.0444731      0.8290758
      0.3578938      0.1734577     -0.0171524     -0.0171524      0.8265423
      0.3767303      0.1760766      0.0100326      0.0100326      0.8239233
      0.3955668      0.1787750      0.0369005      0.0369005      0.8212249
      0.4144033      0.1815472      0.0632763      0.0632763      0.8184527
      0.4332399      0.1843875      0.0889917      0.0889917      0.8156124
      0.4520764      0.1872905      0.1138865      0.1138865      0.8127094
      0.4709129      0.1902508      0.1378090      0.1378090      0.8097491
      0.4897494      0.1932634      0.1606167      0.1606167      0.8067366
      0.5085859      0.1963231      0.1821768      0.1821768      0.8036768
      0.5274224      0.1994253      0.2023666      0.2023666      0.8005746
      0.5462590      0.2025654      0.2210740      0.2210740      0.7974345
      0.5650955      0.2057389      0.2381976      0.2381976      0.7942611
      0.5839320      0.2089415      0.2536474      0.2536474      0.7910584
      0.6027685      0.2121693      0.2673445      0.2673445      0.7878307
      0.6216050      0.2154182      0.2792217      0.2792217      0.7845817
      0.6404415      0.2186847      0.2892234      0.2892234      0.7813152
      0.6592780      0.2219653      0.2973059      0.2973059      0.7780347
      0.6781146      0.2252565      0.3034371      0.3034371      0.7747435
      0.6969511      0.2285551      0.3075971      0.3075971      0.7714448
      0.7157876      0.2318583      0.3097775      0.3097775      0.7681416
      0.7346241      0.2351631      0.3099818      0.3099818      0.7648368
      0.7534606      0.2384669      0.3082252      0.3082252      0.7615330
      0.7722971      0.2417672      0.3045343      0.3045343      0.7582327
      0.7911337      0.2450616      0.2989468      0.2989468      0.7549384
      0.8099702      0.2483479      0.2915117      0.2915117      0.7516521
      0.8288067      0.2516240      0.2822883      0.2822883      0.7483759
      0.8476432      0.2548881      0.2713464      0.2713464      0.7451118
      0.8664797      0.2581384      0.2587655      0.2587655      0.7418615
      0.8853162      0.2613733      0.2446345      0.2446345      0.7386267
      0.9041528      0.2645912      0.2290513      0.2290513      0.7354088
      0.9229893      0.2677908      0.2121216      0.2121216      0.7322091
      0.9418258      0.2709710      0.1939592      0.1939592      0.7290290
      0.9606623      0.2741304      0.1746842      0.1746842      0.7258695
      0.9794988      0.2772683      0.1544235      0.1544235      0.7227317
      0.9983353      0.2803836      0.1333090      0.1333090      0.7196164
      1.0171718      0.2834756      0.1114772      0.1114772      0.7165244
      1.0360084      0.2865435      0.0890687      0.0890687      0.7134564
      1.0548449      0.2895869      0.0662266      0.0662266      0.7104130
      1.0736814      0.2926052      0.0430964      0.0430964      0.7073948
      1.0925179      0.2955979      0.0198246      0.0198246      0.7044021
      1.1113544      0.2985648     -0.0034422     -0.0034422      0.7014352
      1.1301909      0.3015055     -0.0265579     -0.0265579      0.6984944
      1.1490275      0.3044200     -0.0493778     -0.0493778      0.6955800
      1.1678640      0.3073080     -0.0717600     -0.0717600      0.6926920
      1.1867005      0.3101694     -0.0935656     -0.0935656      0.6898305
      1.2055370      0.3130044     -0.1146601     -0.1146601      0.6869955
      1.2243735      0.3158129     -0.1349140     -0.1349140      0.6841870
      1.2432100      0.3185951     -0.1542034     -0.1542034      0.6814049
      1.2620466      0.3213510     -0.1724111     -0.1724111      0.6786490
      1.2808831      0.3240808     -0.1894273     -0.1894273      0.6759192
      1.2997196      0.3267847     -0.2051500     -0.2051500      0.6732152
      1.3185561      0.3294631     -0.2194858     -0.2194858      0.6705368
      1.3373926      0.3321161     -0.2323505     -0.2323505      0.6678838
      1.3562291      0.3347441     -0.2436696     -0.2436696      0.6652559
      1.3750656      0.3373473     -0.2533785     -0.2533785      0.6626526
      1.3939022      0.3399262     -0.2614232     -0.2614232      0.6600738
      1.4127387      0.3424810     -0.2677605     -0.2677605      0.6575189
      1.4315752      0.3450122     -0.2723581     -0.2723581      0.6549878
      1.4504117      0.3475201     -0.2751949     -0.2751949      0.6524798
      1.4692482      0.3500052     -0.2762613     -0.2762613      0.6499948
      1.4880847      0.3524678     -0.2755586     -0.2755586      0.6475322
      1.5069213      0.3549083     -0.2730997     -0.2730997      0.6450917
      1.5257578      0.3573272     -0.2689084     -0.2689084      0.6426728
      1.5445943      0.3597248     -0.2630195     -0.2630195      0.6402751
      1.5634308      0.3621017     -0.2554786     -0.2554786      0.6378983
      1.5822673      0.3644581     -0.2463414     -0.2463414      0.6355418
      1.6011038      0.3667946     -0.2356738     -0.2356738      0.6332053
      1.6199403      0.3691115     -0.2235508     -0.2235508      0.6308884
      1.6387769      0.3714093     -0.2100567     -0.2100567      0.6285907
      1.6576134      0.3736883     -0.1952842     -0.1952842      0.6263117
      1.6764499      0.3759489     -0.1793334     -0.1793334      0.6240510
      1.6952864      0.3781916     -0.1623119     -0.1623119      0.6218083
      1.7141229      0.3804167     -0.1443333     -0.1443333      0.6195832
      1.7329594      0.3826247     -0.1255172     -0.1255172      0.6173753
      1.7517960      0.3848158     -0.1059876     -0.1059876      0.6151841
      1.7706325      0.3869905     -0.0858729     -0.0858729      0.6130095
      1.7894690      0.3891491     -0.0653043     -0.0653043      0.6108509
      1.8083055      0.3912919     -0.0444156     -0.0444156      0.6087080
      1.8271420      0.3934194     -0.0233418     -0.0233418      0.6065806
      1.8459785      0.3955317     -0.0022187     -0.0022187      0.6044682
      1.8648151      0.3976293      0.0188184      0.0188184      0.6023706
      1.8836516      0.3997125      0.0396352      0.0396352      0.6002874
      1.9024881      0.4017816      0.0600997      0.0600997      0.5982184
      1.9213246      0.4038368      0.0800824      0.0800824      0.5961631
      1.9401611      0.4058785      0.0994579      0.0994579      0.5941215
      1.9589976      0.4079069      0.1181049      0.1181049      0.5920931
      1.9778341      0.4099223      0.1359075      0.1359075      0.5900777
      1.9966707      0.4119249      0.1527559      0.1527559      0.5880750
      2.0155072      0.4139151      0.1685466      0.1685466      0.5860849
      2.0343437      0.4158930      0.1831838      0.1831838      0.5841069
      2.0531802      0.4178589      0.1965790      0.1965790      0.5821410
      2.0720167      0.4198130      0.2086526      0.2086526      0.5801869
      2.0908532      0.4217556      0.2193336      0.2193336      0.5782444
      2.1096898      0.4236868      0.2285603      0.2285603      0.5763131
      2.1285263      0.4256069      0.2362806      0.2362806      0.5743931
      2.1473628      0.4275160      0.2424523      0.2424523      0.5724840
      2.1661993      0.4294143      0.2470433      0.2470433      0.5705856
      2.1850358      0.4313021      0.2500320      0.2500320      0.5686978
      2.2038723      0.4331795      0.2514070      0.2514070      0.5668205
      2.2227088      0.4350466      0.2511673      0.2511673      0.5649533
      2.2415454      0.4369037      0.2493222      0.2493222      0.5630962
      2.2603819      0.4387509      0.2458914      0.2458914      0.5612491
      2.2792184      0.4405883      0.2409047      0.2409047      0.5594116
      2.2980549      0.4424161      0.2344015      0.2344015      0.5575838
      2.3168914      0.4442345      0.2264309      0.2264309      0.5557655
      2.3357279      0.4460435      0.2170512      0.2170512      0.5539564
      2.3545645      0.4478433      0.2063294      0.2063294      0.5521566
      2.3734010      0.4496341      0.1943407      0.1943407      0.5503659
      2.3922375      0.4514159      0.1811682      0.1811682      0.5485841
      2.4110740      0.4531889      0.1669020      0.1669020      0.5468111
      2.4299105      0.4549531      0.1516389      0.1516389      0.5450468
      2.4487470      0.4567088      0.1354817      0.1354817      0.5432912
      2.4675836      0.4584559      0.1185382      0.1185382      0.5415440
      2.4864201      0.4601947      0.1009209      0.1009209      0.5398053
      2.5052566      0.4619251      0.0827459      0.0827459      0.5380748
      2.5240931      0.4636474      0.0641324      0.0641324      0.5363526
      2.5429296      0.4653615      0.0452018      0.0452018      0.5346385
      2.5617661      0.4670676      0.0260770      0.0260770      0.5329324
      2.5806026      0.4687657      0.0068814      0.0068814      0.5312342
      2.5994392      0.4704560     -0.0122617     -0.0122617      0.5295439
      2.6182757      0.4721385     -0.0312300     -0.0312300      0.5278614
      2.6371122      0.4738133     -0.0499028     -0.0499028      0.5261866
      2.6559487      0.4754805     -0.0681621     -0.0681621      0.5245194
      2.6747852      0.4771401     -0.0858929     -0.0858929      0.5228598
      2.6936217      0.4787923     -0.1029845     -0.1029845      0.5212077
      2.7124583      0.4804370     -0.1193305     -0.1193305      0.5195630
      2.7312948      0.4820743     -0.1348300     -0.1348300      0.5179256
      2.7501313      0.4837044     -0.1493881     -0.1493881      0.5162956
      2.7689678      0.4853272     -0.1629164     -0.1629164      0.5146728
      2.7878043      0.4869428     -0.1753333     -0.1753333      0.5130571
      2.8066408      0.4885513     -0.1865651     -0.1865651      0.5114486
      2.8254774      0.4901528     -0.1965458     -0.1965458      0.5098472
      2.8443139      0.4917472     -0.2052180     -0.2052180      0.5082528
      2.8631504      0.4933347     -0.2125327     -0.2125327      0.5066653
      2.8819869      0.4949152     -0.2184501     -0.2184501      0.5050847
      2.9008234      0.4964889     -0.2229395     -0.2229395      0.5035111
      2.9196599      0.4980557     -0.2259795     -0.2259795      0.5019442
      2.9384964      0.4996158     -0.2275581     -0.2275581      0.5003842
      2.9573330      0.5011691     -0.2276727     -0.2276727      0.4988308
      2.9761695      0.5027157     -0.2263301     -0.2263301      0.4972842
      2.9950060      0.5042557     -0.2235465     -0.2235465      0.4957443
      3.0138425      0.5057890     -0.2193473     -0.2193473      0.4942109
      3.0326790      0.5073158     -0.2137667     -0.2137667      0.4926842
      3.0515155      0.5088360     -0.2068476     -0.2068476      0.4911640
      3.0703521      0.5103496     -0.1986414     -0.1986414      0.4896503
      3.0891886      0.5118568     -0.1892074     -0.1892074      0.4881431
      3.1080251      0.5133575     -0.1786124     -0.1786124      0.4866424
      3.1268616      0.5148518     -0.1669304     -0.1669304      0.4851481
      3.1456981      0.5163397     -0.1542421     -0.1542421      0.4836602
      3.1645346      0.5178213     -0.1406340     -0.1406340      0.4821787
      3.1833711      0.5192964     -0.1261981     -0.1261981      0.4807035
      3.2022077      0.5207653     -0.1110314     -0.1110314      0.4792347
      3.2210442      0.5222278     -0.0952350     -0.0952350      0.4777722
      3.2398807      0.5236840     -0.0789133     -0.0789133      0.4763159
      3.2587172      0.5251340     -0.0621738     -0.0621738      0.4748659
      3.2775537      0.5265777     -0.0451261     -0.0451261      0.4734222
      3.2963902      0.5280152     -0.0278810     -0.0278810      0.4719847
      3.3152268      0.5294465     -0.0105501     -0.0105501      0.4705534
      3.3340633      0.5308716      0.0067550      0.0067550      0.4691283
      3.3528998      0.5322905      0.0239235      0.0239235      0.4677094
      3.3717363      0.5337032      0.0408462      0.0408462      0.4662967
      3.3905728      0.5351098      0.0574157      0.0574157      0.4648901
      3.4094093      0.5365102      0.0735279      0.0735279      0.4634897
      3.4282459      0.5379045      0.0890819      0.0890819      0.4620954
      3.4470824      0.5392926      0.1039809      0.1039809      0.4607073
      3.4659189      0.5406747      0.1181330      0.1181330      0.4593253
      3.4847554      0.5420506      0.1314516      0.1314516      0.4579494
      3.5035919      0.5434203      0.1438558      0.1438558      0.4565796
      3.5224284      0.5447840      0.1552710      0.1552710      0.4552159
      3.5412649      0.5461415      0.1656294      0.1656294      0.4538584
      3.5601015      0.5474930      0.1748705      0.1748705      0.4525070
      3.5789380      0.5488383      0.1829410      0.1829410      0.4511616
      3.5977745      0.5501776      0.1897958      0.1897958      0.4498224
      3.6166110      0.5515107      0.1953976      0.1953976      0.4484893
      3.6354475      0.5528377      0.1997173      0.1997173      0.4471623
      3.6542840      0.5541586      0.2027345      0.2027345      0.4458414
      3.6731206      0.5554733      0.2044370      0.2044370      0.4445266
      3.6919571      0.5567820      0.2048212      0.2048212      0.4432180
      3.7107936      0.5580845      0.2038921      0.2038921      0.4419154
      3.7296301      0.5593809      0.2016629      0.2016629      0.4406191
      3.7484666      0.5606711      0.1981555      0.1981555      0.4393288
      3.7673031      0.5619552      0.1933993      0.1933993      0.4380447
      3.7861397      0.5632331      0.1874321      0.1874321      0.4367668
      3.8049762      0.5645049      0.1802990      0.1802990      0.4354951
      3.8238127      0.5657705      0.1720524      0.1720524      0.4342295
      3.8426492      0.5670298      0.1627516      0.1627516      0.4329701
      3.8614857      0.5682830      0.1524622      0.1524622      0.4317169
      3.8803222      0.5695300      0.1412561      0.1412561      0.4304700
      3.8991587      0.5707707      0.1292104      0.1292104      0.4292292
      3.9179953      0.5720052      0.1164073      0.1164073      0.4279947
      3.9368318      0.5732335      0.1029333      0.1029333      0.4267665
      3.9556683      0.5744554      0.0888788      0.0888788      0.4255445
      3.9745048      0.5756711      0.0743374      0.0743374      0.4243288
      3.9933413      0.5768805      0.0594054      0.0594054      0.4231195
      4.0121778      0.5780836      0.0441807      0.0441807      0.4219164
      4.0310144      0.5792803      0.0287630      0.0287630      0.4207197
      4.0498509      0.5804707      0.0132524      0.0132524      0.4195293
      4.0686874      0.5816547     -0.0022511     -0.0022511      0.4183453
      4.0875239      0.5828323     -0.0176479     -0.0176479      0.4171676
      4.1063604      0.5840036     -0.0328398     -0.0328398      0.4159964
      4.1251969      0.5851684     -0.0477305     -0.0477305      0.4148316
      4.1440334      0.5863268     -0.0622260     -0.0622260      0.4136732
      4.1628700      0.5874787     -0.0762358     -0.0762358      0.4125212
      4.1817065      0.5886242     -0.0896727     -0.0896727      0.4113758
      4.2005430      0.5897631     -0.1024540     -0.1024540      0.4102368
      4.2193795      0.5908956     -0.1145014     -0.1145014      0.4091043
      4.2382160      0.5920216     -0.1257420     -0.1257420      0.4079784
      4.2570525      0.5931410     -0.1361086     -0.1361086      0.4068590
      4.2758891      0.5942538     -0.1455399     -0.1455399      0.4057461
      4.2947256      0.5953601     -0.1539810     -0.1539810      0.4046398
      4.3135621      0.5964598     -0.1613837     -0.1613837      0.4035401
      4.3323986      0.5975529     -0.1677070     -0.1677070      0.4024471
      4.3512351      0.5986393     -0.1729168     -0.1729168      0.4013606
      4.3700716      0.5997192     -0.1769866     -0.1769866      0.4002808
      4.3889082      0.6007923     -0.1798973     -0.1798973      0.3992076
      4.4077447      0.6018588     -0.1816373     -0.1816373      0.3981411
      4.4265812      0.6029186     -0.1822030     -0.1822030      0.3970813
      4.4454177      0.6039717     -0.1815978     -0.1815978      0.3960282
      4.4642542      0.6050181     -0.1798332     -0.1798332      0.3949819
      4.4830907      0.6060577     -0.1769277     -0.1769277      0.3939422
      4.5019272      0.6070906     -0.1729073     -0.1729073      0.3929093
      4.5207638      0.6081168     -0.1678047     -0.1678047      0.3918831
      4.5396003      0.6091362     -0.1616598     -0.1616598      0.3908638
      4.5584368      0.6101488     -0.1545185     -0.1545185      0.3898511
      4.5772733      0.6111546     -0.1464333     -0.1464333      0.3888453
      4.5961098      0.6121537     -0.1374620     -0.1374620      0.3878463
      4.6149463      0.6131459     -0.1276680     -0.1276680      0.3868541
      4.6337829      0.6141313     -0.1171197     -0.1171197      0.3858687
      4.6526194      0.6151099     -0.1058895     -0.1058895      0.3848901
      4.6714559      0.6160816     -0.0940542     -0.0940542      0.3839183
      4.6902924      0.6170466     -0.0816937     -0.0816937      0.3829534
      4.7091289      0.6180046     -0.0688909     -0.0688909      0.3819953
      4.7279654      0.6189559     -0.0557310     -0.0557310      0.3810440
      4.7468019      0.6199003     -0.0423008     -0.0423008      0.3800996
      4.7656385      0.6208379     -0.0286885     -0.0286885      0.3791621
      4.7844750      0.6217686     -0.0149827     -0.0149827      0.3782314
      4.8033115      0.6226925     -0.0012721     -0.0012721      0.3773075
      4.8221480      0.6236095      0.0123551      0.0123551      0.3763904
      4.8409845      0.6245197      0.0258120      0.0258120      0.3754802
      4.8598210      0.6254231      0.0390131      0.0390131      0.3745769
      4.8786576      0.6263196      0.0518754      0.0518754      0.3736804
      4.8974941      0.6272093      0.0643185      0.0643185      0.3727906
      4.9163306      0.6280922      0.0762653      0.0762653      0.3719078
      4.9351671      0.6289683      0.0876422      0.0876422      0.3710317
      4.9540036      0.6298376      0.0983802      0.0983802      0.3701624
      4.9728401      0.6307001      0.1084146      0.1084146      0.3692999
      4.9916767      0.6315558      0.1176855      0.1176855      0.3684441
      5.0105132      0.6324048      0.1261388      0.1261388      0.3675952
      5.0293497      0.6332470      0.1337257      0.1337257      0.3667529
      5.0481862      0.6340825      0.1404033      0.1404033      0.3659174
      5.0670227      0.6349113      0.1461351      0.1461351      0.3650886
      5.0858592      0.6357334      0.1508908      0.1508908      0.3642665
      5.1046957      0.6365489      0.1546465      0.1546465      0.3634511
      5.1235323      0.6373577      0.1573851      0.1573851      0.3626423
      5.1423688      0.6381598      0.1590960      0.1590960      0.3618401
      5.1612053      0.6389554      0.1597755      0.1597755      0.3610446
      5.1800418      0.6397444      0.1594264      0.1594264      0.3602556
      5.1988783      0.6405268      0.1580582      0.1580582      0.3594731
      5.2177148      0.6413028      0.1556868      0.1556868      0.3586972
      5.2365514      0.6420722      0.1523346      0.1523346      0.3579277
      5.2553879      0.6428352      0.1480299      0.1480299      0.3571647
      5.2742244      0.6435918      0.1428073      0.1428073      0.3564082
      5.2930609      0.6443419      0.1367069      0.1367069      0.3556580
      5.3118974      0.6450858      0.1297739      0.1297739      0.3549142
      5.3307339      0.6458233      0.1220591      0.1220591      0.3541767
      5.3495705      0.6465545      0.1136174      0.1136174      0.3534455
      5.3684070      0.6472795      0.1045084      0.1045084      0.3527205
      5.3872435      0.6479983      0.0947953      0.0947953      0.3520017
      5.4060800      0.6487109      0.0845450      0.0845450      0.3512890
      5.4249165      0.6494174      0.0738272      0.0738272      0.3505825
      5.4437530      0.6501179      0.0627140      0.0627140      0.3498821
      5.4625895      0.6508123      0.0512798      0.0512798      0.3491876
      5.4814261      0.6515008      0.0396003      0.0396003      0.3484992
      5.5002626      0.6521833      0.0277524      0.0277524      0.3478167
      5.5190991      0.6528599      0.0158133      0.0158133      0.3471400
      5.5379356      0.6535308      0.0038605      0.0038605      0.3464692
      5.5567721      0.6541958     -0.0080292     -0.0080292      0.3458041
      5.5756086      0.6548551     -0.0197799     -0.0197799      0.3451448
      5.5944452      0.6555088     -0.0313172     -0.0313172      0.3444911
      5.6132817      0.6561569     -0.0425684     -0.0425684      0.3438431
      5.6321182      0.6567994     -0.0534636     -0.0534636      0.3432006
      5.6509547      0.6574364     -0.0639353     -0.0639353      0.3425636
      5.6697912      0.6580679     -0.0739194     -0.0739194      0.3419320
      5.6886277      0.6586941     -0.0833554     -0.0833554      0.3413058
      5.7074642      0.6593150     -0.0921869     -0.0921869      0.3406849
      5.7263008      0.6599306     -0.1003616     -0.1003616      0.3400693
      5.7451373      0.6605410     -0.1078320     -0.1078320      0.3394589
      5.7639738      0.6611463     -0.1145553     -0.1145553      0.3388536
      5.7828103      0.6617466     -0.1204940     -0.1204940      0.3382534
      5.8016468      0.6623418     -0.1256159     -0.1256159      0.3376581
      5.8204833      0.6629321     -0.1298942     -0.1298942      0.3370678
      5.8393199      0.6635176     -0.1333078     -0.1333078      0.3364824
      5.8581564      0.6640982     -0.1358414     -0.1358414      0.3359017
      5.8769929      0.6646741     -0.1374853     -0.1374853      0.3353258
      5.8958294      0.6652454     -0.1382357     -0.1382357      0.3347546
      5.9146659      0.6658120     -0.1380947     -0.1380947      0.3341879
      5.9335024      0.6663742     -0.1370699     -0.1370699      0.3336258
      5.9523390      0.6669319     -0.1351746     -0.1351746      0.3330681
      5.9711755      0.6674852     -0.1324276     -0.1324276      0.3325147
      5.9900120      0.6680342     -0.1288531     -0.1288531      0.3319657
      6.0088485      0.6685790     -0.1244804     -0.1244804      0.3314209
      6.0276850      0.6691197     -0.1193437     -0.1193437      0.3308803
      6.0465215      0.6696562     -0.1134818     -0.1134818      0.3303437
      6.0653580      0.6701888     -0.1069379     -0.1069379      0.3298112
      6.0841946      0.6707174     -0.0997593     -0.0997593      0.3292826
      6.1030311      0.6712421     -0.0919970     -0.0919970      0.3287578
      6.1218676      0.6717631     -0.0837054     -0.0837054      0.3282368
      6.1407041      0.6722804     -0.0749416     -0.0749416      0.3277196
      6.1595406      0.6727940     -0.0657657     -0.0657657      0.3272059
      6.1783771      0.6733041     -0.0562398     -0.0562398      0.3266959
      6.1972137      0.6738107     -0.0464276     -0.0464276      0.3261893
      6.2160502      0.6743139     -0.0363945     -0.0363945      0.3256861
      6.2348867      0.6748137     -0.0262065     -0.0262065      0.3251862
      6.2537232      0.6753103     -0.0159303     -0.0159303      0.3246896
      6.2725597      0.6758038     -0.0056324     -0.0056324      0.3241962
      6.2913962      0.6762941      0.0046208      0.0046208      0.3237059
      6.3102328      0.6767814      0.0147639      0.0147639      0.3232186
      6.3290693      0.6772657      0.0247326      0.0247326      0.3227342
      6.3479058      0.6777472      0.0344644      0.0344644      0.3222527
      6.3667423      0.6782259      0.0438986      0.0438986      0.3217741
      6.3855788      0.6787018      0.0529771      0.0529771      0.3212981
      6.4044153      0.6791751      0.0616444      0.0616444      0.3208248
      6.4232518      0.6796458      0.0698481      0.0698481      0.3203541
      6.4420884      0.6801141      0.0775393      0.0775393      0.3198859
      6.4609249      0.6805799      0.0846725      0.0846725      0.3194201
      6.4797614      0.6810433      0.0912066      0.0912066      0.3189567
      6.4985979      0.6815044      0.0971042      0.0971042      0.3184955
      6.5174344      0.6819634      0.1023326      0.1023326      0.3180366
      6.5362709      0.6824202      0.1068636      0.1068636      0.3175798
      6.5551075      0.6828749      0.1106737      0.1106737      0.3171250
      6.5739440      0.6833276      0.1137441      0.1137441      0.3166723
      6.5927805      0.6837784      0.1160611      0.1160611      0.3162215
      6.6116170      0.6842274      0.1176158      0.1176158      0.3157726
      6.6304535      0.6846745      0.1184043      0.1184043      0.3153254
      6.6492900      0.6851199      0.1184277      0.1184277      0.3148800
      6.6681265      0.6855637      0.1176921      0.1176921      0.3144362
      6.6869631      0.6860059      0.1162081      0.1162081      0.3139941
      6.7057996      0.6864465      0.1139915      0.1139915      0.3135534
      6.7246361      0.6868857      0.1110622      0.1110622      0.3131143
      6.7434726      0.6873234      0.1074449      0.1074449      0.3126765
      6.7623091      0.6877598      0.1031683      0.1031683      0.3122401
      6.7811456      0.6881950      0.0982652      0.0982652      0.3118050
      6.7999822      0.6886289      0.0927721      0.0927721      0.3113711
      6.8188187      0.6890616      0.0867291      0.0867291      0.3109383
      6.8376552      0.6894932      0.0801795      0.0801795      0.3105067
      6.8564917      0.6899238      0.0731693      0.0731693      0.3100761
      6.8753282      0.6903534      0.0657473      0.0657473      0.3096466
      6.8941647      0.6907820      0.0579645      0.0579645      0.3092179
      6.9130013      0.6912097      0.0498738      0.0498738      0.3087902
      6.9318378      0.6916366      0.0415297      0.0415297      0.3083633
      6.9506743      0.6920627      0.0329878      0.0329878      0.3079372
      6.9695108      0.6924881      0.0243045      0.0243045      0.3075118
      6.9883473      0.6929127      0.0155368      0.0155368      0.3070872
      7.0071838      0.6933368      0.0067415      0.0067415      0.3066632
      7.0260203      0.6937601     -0.0020245     -0.0020245      0.3062398
      7.0448569      0.6941830     -0.0107053     -0.0107053      0.3058170
      7.0636934      0.6946053     -0.0192458     -0.0192458      0.3053947
      7.0825299      0.6950271     -0.0275923     -0.0275923      0.3049729
      7.1013664      0.6954484     -0.0356929     -0.0356929      0.3045515
      7.1202029      0.6958694     -0.0434976     -0.0434976      0.3041305
      7.1390394      0.6962900     -0.0509587     -0.0509587      0.3037100
      7.1578760      0.6967102     -0.0580312     -0.0580312      0.3032897
      7.1767125      0.6971301     -0.0646729     -0.0646729      0.3028698
      7.1955490      0.6975498     -0.0708446     -0.0708446      0.3024502
      7.2143855      0.6979691     -0.0765107     -0.0765107      0.3020308
      7.2332220      0.6983883     -0.0816390     -0.0816390      0.3016116
      7.2520585      0.6988073     -0.0862011     -0.0862011      0.3011927
      7.2708950      0.6992260     -0.0901723     -0.0901723      0.3007739
      7.2897316      0.6996446     -0.0935322     -0.0935322      0.3003553
      7.3085681      0.7000631     -0.0962642     -0.0962642      0.2999368
      7.3274046      0.7004815     -0.0983561     -0.0983561      0.2995184
      7.3462411      0.7008998     -0.0997997     -0.0997997      0.2991002
      7.3650776      0.7013180     -0.1005914     -0.1005914      0.2986820
      7.3839141      0.7017361     -0.1007315     -0.1007315      0.2982639
      7.4027507      0.7021541     -0.1002245     -0.1002245      0.2978458
      7.4215872      0.7025721     -0.0990793     -0.0990793      0.2974278
      7.4404237      0.7029901     -0.0973085     -0.0973085      0.2970099
      7.4592602      0.7034080     -0.0949288     -0.0949288      0.2965920
      7.4780967      0.7038259     -0.0919608     -0.0919608      0.2961741
      7.4969332      0.7042437     -0.0884284     -0.0884284      0.2957562
      7.5157698      0.7046616     -0.0843591     -0.0843591      0.2953384
      7.5346063      0.7050794     -0.0797837     -0.0797837      0.2949206
      7.5534428      0.7054972     -0.0747360     -0.0747360      0.2945028
      7.5722793      0.7059149     -0.0692522     -0.0692522      0.2940850
      7.5911158      0.7063326     -0.0633716     -0.0633716      0.2936673
      7.6099523      0.7067503     -0.0571351     -0.0571351      0.2932496
      7.6287888      0.7071679     -0.0505861     -0.0505861      0.2928320
      7.6476254      0.7075855     -0.0437691     -0.0437691      0.2924145
      7.6664619      0.7080029     -0.0367305     -0.0367305      0.2919970
      7.6852984      0.7084203     -0.0295173     -0.0295173      0.2915796
      7.7041349      0.7088376     -0.0221774     -0.0221774      0.2911623
      7.7229714      0.7092548     -0.0147591     -0.0147591      0.2907452
      7.7418079      0.7096718     -0.0073107     -0.0073107      0.2903282
      7.7606445      0.7100886      0.0001196      0.0001196      0.2899113
      7.7794810      0.7105053      0.0074841      0.0074841      0.2894946
      7.7983175      0.7109218      0.0147362      0.0147362      0.2890782
      7.8171540      0.7113380      0.0218301      0.0218301      0.2886619
      7.8359905      0.7117540      0.0287217      0.0287217      0.2882460
      7.8548270      0.7121697      0.0353684      0.0353684      0.2878303
      7.8736636      0.7125851      0.0417296      0.0417296      0.2874149
      7.8925001      0.7130001      0.0477669      0.0477669      0.2869998
      7.9113366      0.7134148      0.0534443      0.0534443      0.2865852
      7.9301731      0.7138290      0.0587286      0.0587286      0.2861709
      7.9490096      0.7142428      0.0635891      0.0635891      0.2857571
      7.9678461      0.7146561      0.0679985      0.0679985      0.2853438
      7.9866826      0.7150689      0.0719322      0.0719322      0.2849310
      8.0055192      0.7154812      0.0753694      0.0753694      0.2845188
      8.0243557      0.7158928      0.0782922      0.0782922      0.2841071
      8.0431922      0.7163038      0.0806864      0.0806864      0.2836961
      8.0620287      0.7167142      0.0825415      0.0825415      0.2832858
      8.0808652      0.7171238      0.0838502      0.0838502      0.2828762
      8.0997017      0.7175326      0.0846092      0.0846092      0.2824673
      8.1185383      0.7179406      0.0848183      0.0848183      0.2820593
      8.1373748      0.7183478      0.0844813      0.0844813      0.2816521
      8.1562113      0.7187541      0.0836053      0.0836053      0.2812459
      8.1750478      0.7191594      0.0822007      0.0822007      0.2808406
      8.1938843      0.7195637      0.0802814      0.0802814      0.2804363
      8.2127208      0.7199669      0.0778644      0.0778644      0.2800330
      8.2315573      0.7203691      0.0749699      0.0749699      0.2796309
      8.2503939      0.7207700      0.0716207      0.0716207      0.2792299
      8.2692304      0.7211698      0.0678427      0.0678427      0.2788301
      8.2880669      0.7215683      0.0636640      0.0636640      0.2784316
      8.3069034      0.7219655      0.0591152      0.0591152      0.2780344
      8.3257399      0.7223614      0.0542290      0.0542290      0.2776386
      8.3445764      0.7227558      0.0490400      0.0490400      0.2772442
      8.3634130      0.7231487      0.0435844      0.0435844      0.2768512
      8.3822495      0.7235401      0.0378997      0.0378997      0.2764599
      8.4010860      0.7239299      0.0320247      0.0320247      0.2760700
      8.4199225      0.7243181      0.0259990      0.0259990      0.2756819
      8.4387590      0.7247045      0.0198627      0.0198627      0.2752954
      8.4575955      0.7250892      0.0136565      0.0136565      0.2749107
      8.4764321      0.7254721      0.0074208      0.0074208      0.2745279
      8.4952686      0.7258531      0.0011962      0.0011962      0.2741469
      8.5141051      0.7262322     -0.0049773     -0.0049773      0.2737678
      8.5329416      0.7266092     -0.0110606     -0.0110606      0.2733907
      8.5517781      0.7269843     -0.0170153     -0.0170153      0.2730157
      8.5706146      0.7273572     -0.0228042     -0.0228042      0.2726427
      8.5894511      0.7277280     -0.0283916     -0.0283916      0.2722720
      8.6082877      0.7280965     -0.0337436     -0.0337436      0.2719034
      8.6271242      0.7284628     -0.0388278     -0.0388278      0.2715371
      8.6459607      0.7288268     -0.0436140     -0.0436140      0.2711732
      8.6647972      0.7291883     -0.0480743     -0.0480743      0.2708116
      8.6836337      0.7295475     -0.0521831     -0.0521831      0.2704525
      8.7024702      0.7299041     -0.0559172     -0.0559172      0.2700959
      8.7213068      0.7302582     -0.0592563     -0.0592563      0.2697418
      8.7401433      0.7306096     -0.0621826     -0.0621826      0.2693903
      8.7589798      0.7309584     -0.0646813     -0.0646813      0.2690415
      8.7778163      0.7313045     -0.0667404     -0.0667404      0.2686955
      8.7966528      0.7316478     -0.0683508     -0.0683508      0.2683521
      8.8154893      0.7319883     -0.0695067     -0.0695067      0.2680117
      8.8343259      0.7323259     -0.0702049     -0.0702049      0.2676740
      8.8531624      0.7326606     -0.0704454     -0.0704454      0.2673393
      8.8719989      0.7329923     -0.0702312     -0.0702312      0.2670076
      8.8908354      0.7333210     -0.0695681     -0.0695681      0.2666789
      8.9096719      0.7336466     -0.0684648     -0.0684648      0.2663533
      8.9285084      0.7339691     -0.0669326     -0.0669326      0.2660308
      8.9473449      0.7342885     -0.0649858     -0.0649858      0.2657115
      8.9661815      0.7346046     -0.0626409     -0.0626409      0.2653953
      8.9850180      0.7349175     -0.0599170     -0.0599170      0.2650824
      9.0038545      0.7352271     -0.0568353     -0.0568353      0.2647729
      9.0226910      0.7355333     -0.0534194     -0.0534194      0.2644666
      9.0415275      0.7358362     -0.0496945     -0.0496945      0.2641638
      9.0603640      0.7361356     -0.0456878     -0.0456878      0.2638643
      9.0792006      0.7364316     -0.0414278     -0.0414278      0.2635683
      9.0980371      0.7367241     -0.0369446     -0.0369446      0.2632759
      9.1168736      0.7370130     -0.0322692     -0.0322692      0.2629869
      9.1357101      0.7372984     -0.0274337     -0.0274337      0.2627015
      9.1545466      0.7375802     -0.0224710     -0.0224710      0.2624197
      9.1733831      0.7378584     -0.0174142     -0.0174142      0.2621416
      9.1922196      0.7381329     -0.0122969     -0.0122969      0.2618671
      9.2110562      0.7384037     -0.0071527     -0.0071527      0.2615963
      9.2298927      0.7386708     -0.0020149     -0.0020149      0.2613292
      9.2487292      0.7389341      0.0030833      0.0030833      0.2610658
      9.2675657      0.7391937      0.0081095      0.0081095      0.2608062
      9.2864022      0.7394495      0.0130321      0.0130321      0.2605504
      9.3052387      0.7397015      0.0178204      0.0178204      0.2602984
      9.3240753      0.7399497      0.0224450      0.0224450      0.2600503
      9.3429118      0.7401940      0.0268777      0.0268777      0.2598060
      9.3617483      0.7404344      0.0310919      0.0310919      0.2595655
      9.3805848      0.7406710      0.0350628      0.0350628      0.2593289
      9.3994213      0.7409037      0.0387673      0.0387673      0.2590962
      9.4182578      0.7411325      0.0421842      0.0421842      0.2588674
      9.4370944      0.7413574      0.0452946      0.0452946      0.2586426
      9.4559309      0.7415783      0.0480816      0.0480816      0.2584216
      9.4747674      0.7417954      0.0505305      0.0505305      0.2582046
      9.4936039      0.7420085      0.0526292      0.0526292      0.2579915
      9.5124404      0.7422177      0.0543678      0.0543678      0.2577823
      9.5312769      0.7424229      0.0557389      0.0557389      0.2575770
      9.5501134      0.7426243      0.0567374      0.0567374      0.2573757
      9.5689500      0.7428217      0.0573609      0.0573609      0.2571783
      9.5877865      0.7430152      0.0576093      0.0576093      0.2569848
      9.6066230      0.7432048      0.0574849      0.0574849      0.2567952
      9.6254595      0.7433904      0.0569926      0.0569926      0.2566095
      9.6442960      0.7435722      0.0561393      0.0561393      0.2564277
      9.6631325      0.7437501      0.0549343      0.0549343      0.2562498
      9.6819691      0.7439242      0.0533892      0.0533892      0.2560758
      9.7008056      0.7440944      0.0515176      0.0515176      0.2559056
      9.7196421      0.7442607      0.0493350      0.0493350      0.2557392
      9.7384786      0.7444233      0.0468587      0.0468587      0.2555767
      9.7573151      0.7445820      0.0441079      0.0441079      0.2554179
      9.7761516      0.7447370      0.0411032      0.0411032      0.2552629
      9.7949882      0.7448883      0.0378667      0.0378667      0.2551116
      9.8138247      0.7450358      0.0344218      0.0344218      0.2549641
      9.8326612      0.7451797      0.0307928      0.0307928      0.2548203
      9.8514977      0.7453199      0.0270051      0.0270051      0.2546801
      9.8703342      0.7454564      0.0230849      0.0230849      0.2545435
      9.8891707      0.7455894      0.0190589      0.0190589      0.2544105
      9.9080072      0.7457188      0.0149540      0.0149540      0.2542811
      9.9268438      0.7458448      0.0107976      0.0107976      0.2541552
      9.9456803      0.7459672      0.0066171      0.0066171      0.2540328
      9.9645168      0.7460862      0.0024396      0.0024396      0.2539138
      9.9833533      0.7462017     -0.0017080     -0.0017080      0.2537982
     10.0021898      0.7463140     -0.0057993     -0.0057993      0.2536860
     10.0210263      0.7464229     -0.0098086     -0.0098086      0.2535770
     10.0398629      0.7465286     -0.0137109     -0.0137109      0.2534714
     10.0586994      0.7466310     -0.0174823     -0.0174823      0.2533689
     10.0775359      0.7467303     -0.0210999     -0.0210999      0.2532697
     10.0963724      0.7468264     -0.0245421     -0.0245421      0.2531735
     10.1152089      0.7469195     -0.0277887     -0.0277887      0.2530804
     10.1340454      0.7470096     -0.0308210     -0.0308210      0.2529903
     10.1528819      0.7470968     -0.0336216     -0.0336216      0.2529032
     10.1717185      0.7471810     -0.0361753     -0.0361753      0.2528189
     10.1905550      0.7472624     -0.0384682     -0.0384682      0.2527375
     10.2093915      0.7473410     -0.0404884     -0.0404884      0.2526589
     10.2282280      0.7474169     -0.0422261     -0.0422261      0.2525830
     10.2470645      0.7474902     -0.0436731     -0.0436731      0.2525098
     10.2659010      0.7475608     -0.0448233     -0.0448233      0.2524391
     10.2847376      0.7476289     -0.0456727     -0.0456727      0.2523710
     10.3035741      0.7476946     -0.0462191     -0.0462191      0.2523054
     10.3224106      0.7477578     -0.0464624     -0.0464624      0.2522421
     10.3412471      0.7478187     -0.0464044     -0.0464044      0.2521812
     10.3600836      0.7478774     -0.0460489     -0.0460489      0.2521225
     10.3789201      0.7479338     -0.0454014     -0.0454014      0.2520661
     10.3977567      0.7479882     -0.0444694     -0.0444694      0.2520118
     10.4165932      0.7480404     -0.0432622     -0.0432622      0.2519595
     10.4354297      0.7480907     -0.0417905     -0.0417905      0.2519092
     10.4542662      0.7481391     -0.0400668     -0.0400668      0.2518609
     10.4731027      0.7481856     -0.0381051     -0.0381051      0.2518143
     10.4919392      0.7482304     -0.0359207     -0.0359207      0.2517696
     10.5107757      0.7482734     -0.0335302     -0.0335302      0.2517265
     10.5296123      0.7483149     -0.0309512     -0.0309512      0.2516850
     10.5484488      0.7483548     -0.0282026     -0.0282026      0.2516451
     10.5672853      0.7483932     -0.0253039     -0.0253039      0.2516067
     10.5861218      0.7484303     -0.0222755     -0.0222755      0.2515696
     10.6049583      0.7484660     -0.0191384     -0.0191384      0.2515339
     10.6237948      0.7485005     -0.0159140     -0.0159140      0.2514994
     10.6426314      0.7485339     -0.0126241     -0.0126241      0.2514661
     10.6614679      0.7485662     -0.0092906     -0.0092906      0.2514338
     10.6803044      0.7485974     -0.0059355     -0.0059355      0.2514025
     10.6991409      0.7486278     -0.0025806     -0.0025806      0.2513722
     10.7179774      0.7486572      0.0007525      0.0007525      0.2513427
     10.7368139      0.7486860      0.0040426      0.0040426      0.2513140
     10.7556504      0.7487140      0.0072689      0.0072689      0.2512859
     10.7744870      0.7487414      0.0104115      0.0104115      0.2512585
     10.7933235      0.7487683      0.0134511      0.0134511      0.2512316
     10.8121600      0.7487947      0.0163692      0.0163692      0.2512052
     10.8309965      0.7488208      0.0191485      0.0191485      0.2511791
     10.8498330      0.7488466      0.0217727      0.0217727      0.2511534
     10.8686695      0.7488721      0.0242266      0.0242266      0.2511278
     10.8875061      0.7488975      0.0264965      0.0264965      0.2511024
     10.9063426      0.7489228      0.0285699      0.0285699      0.2510771
     10.9251791      0.7489482      0.0304356      0.0304356      0.2510518
     10.9440156      0.7489736      0.0320840      0.0320840      0.2510263
     10.9628521      0.7489992      0.0335071      0.0335071      0.2510007
     10.9816886      0.7490250      0.0346983      0.0346983      0.2509749
     11.0005252      0.7490512      0.0356527      0.0356527      0.2509488
     11.0193617      0.7490777      0.0363667      0.0363667      0.2509222
     11.0381982      0.7491047      0.0368387      0.0368387      0.2508953
     11.0570347      0.7491322      0.0370684      0.0370684      0.2508677
     11.0758712      0.7491603      0.0370571      0.0370571      0.2508396
     11.0947077      0.7491891      0.0368078      0.0368078      0.2508108
     11.1135442      0.7492187      0.0363247      0.0363247      0.2507813
     11.1323808      0.7492490      0.0356138      0.0356138      0.2507509
     11.1512173      0.7492803      0.0346824      0.0346824      0.2507197
     11.1700538      0.7493125      0.0335388      0.0335388      0.2506875
     11.1888903      0.7493457      0.0321931      0.0321931      0.2506543
     11.2077268      0.7493800      0.0306563      0.0306563      0.2506200
     11.2265633      0.7494154      0.0289405      0.0289405      0.2505845
     11.2453999      0.7494521      0.0270588      0.0270588      0.2505479
     11.2642364      0.7494900      0.0250254      0.0250254      0.2505099
     11.2830729      0.7495293      0.0228550      0.0228550      0.2504707
     11.3019094      0.7495699      0.0205634      0.0205634      0.2504300
     11.3207459      0.7496120      0.0181666      0.0181666      0.2503879
     11.3395824      0.7496556      0.0156814      0.0156814      0.2503443
     11.3584190      0.7497008      0.0131249      0.0131249      0.2502991
     11.3772555      0.7497476      0.0105143      0.0105143      0.2502524
     11.3960920      0.7497960      0.0078670      0.0078670      0.2502039
     11.4149285      0.7498462      0.0052007      0.0052007      0.2501537
     11.4337650      0.7498982      0.0025326      0.0025326      0.2501018
     11.4526015      0.7499519     -0.0001200     -0.0001200      0.2500480
     11.4714380      0.7500076     -0.0027402     -0.0027402      0.2499924
     11.4902746      0.7500651     -0.0053115     -0.0053115      0.2499348
     11.5091111      0.7501246     -0.0078180     -0.0078180      0.2498753
     11.5279476      0.7501861     -0.0102442     -0.0102442      0.2498139
     11.5467841      0.7502496     -0.0125755     -0.0125755      0.2497503
     11.5656206      0.7503152     -0.0147980     -0.0147980      0.2496847
     11.5844571      0.7503829     -0.0168987     -0.0168987      0.2496170
     11.6032937      0.7504528     -0.0188655     -0.0188655      0.2495472
     11.6221302      0.7505248     -0.0206873     -0.0206873      0.2494752
     11.6409667      0.7505990     -0.0223542     -0.0223542      0.2494009
     11.6598032      0.7506755     -0.0238572     -0.0238572      0.2493245
     11.6786397      0.7507542     -0.0251887     -0.0251887      0.2492457
     11.6974762      0.7508352     -0.0263421     -0.0263421      0.2491647
     11.7163127      0.7509186     -0.0273122     -0.0273122      0.2490814
     11.7351493      0.7510042     -0.0280949     -0.0280949      0.2489957
     11.7539858      0.7510922     -0.0286874     -0.0286874      0.2489077
     11.7728223      0.7511826     -0.0290882     -0.0290882      0.2488173
     11.7916588      0.7512754     -0.0292971     -0.0292971      0.2487245
     11.8104953      0.7513706     -0.0293150     -0.0293150      0.2486293
     11.8293318      0.7514682     -0.0291441     -0.0291441      0.2485318
     11.8481684      0.7515682     -0.0287878     -0.0287878      0.2484317
     11.8670049      0.7516706     -0.0282507     -0.0282507      0.2483293
     11.8858414      0.7517755     -0.0275385     -0.0275385      0.2482244
     11.9046779      0.7518828     -0.0266578     -0.0266578      0.2481171
     11.9235144      0.7519926     -0.0256164     -0.0256164      0.2480073
     11.9423509      0.7521048     -0.0244229     -0.0244229      0.2478951
     11.9611875      0.7522194     -0.0230870     -0.0230870      0.2477805
     11.9800240      0.7523365     -0.0216190     -0.0216190      0.2476634
     11.9988605      0.7524560     -0.0200299     -0.0200299      0.2475439
     12.0176970      0.7525779     -0.0183315     -0.0183315      0.2474220
     12.0365335      0.7527023     -0.0165361     -0.0165361      0.2472977
     12.0553700      0.7528290     -0.0146564     -0.0146564      0.2471710
     12.0742065      0.7529581     -0.0127057     -0.0127057      0.2470418
     12.0930431      0.7530896     -0.0106973     -0.0106973      0.2469104
     12.1118796      0.7532234     -0.0086450     -0.0086450      0.2467765
     12.1307161      0.7533595     -0.0065625     -0.0065625      0.2466404
     12.1495526      0.7534980     -0.0044636     -0.0044636      0.2465020
     12.1683891      0.7536387     -0.0023620     -0.0023620      0.2463612
     12.1872256      0.7537817     -0.0002714     -0.0002714      0.2462182
     12.2060622      0.7539269      0.0017949      0.0017949      0.2460730
     12.2248987      0.7540743      0.0038239      0.0038239      0.2459256
     12.2437352      0.7542239      0.0058030      0.0058030      0.2457761
     12.2625717      0.7543756      0.0077200      0.0077200      0.2456244
     12.2814082      0.7545294      0.0095633      0.0095633      0.2454706
     12.3002447      0.7546852      0.0113220      0.0113220      0.2453147
     12.3190813      0.7548431      0.0129858      0.0129858      0.2451569
     12.3379178      0.7550029      0.0145450      0.0145450      0.2449970
     12.3567543      0.7551647      0.0159911      0.0159911      0.2448353
     12.3755908      0.7553283      0.0173160      0.0173160      0.2446716
     12.3944273      0.7554938      0.0185127      0.0185127      0.2445061
     12.4132638      0.7556611      0.0195752      0.0195752      0.2443388
     12.4321003      0.7558302      0.0204982      0.0204982      0.2441698
     12.4509369      0.7560009      0.0212777      0.0212777      0.2439991
     12.4697734      0.7561732      0.0219102      0.0219102      0.2438267
     12.4886099      0.7563472      0.0223937      0.0223937      0.2436527
     12.5074464      0.7565227      0.0227270      0.0227270      0.2434773
     12.5262829      0.7566996      0.0229096      0.0229096      0.2433003
     12.5451194      0.7568780      0.0229425      0.0229425      0.2431219
     12.5639560      0.7570577      0.0228272      0.0228272      0.2429422
     12.5827925      0.7572387      0.0225665      0.0225665      0.2427612
     12.6016290      0.7574210      0.0221638      0.0221638      0.2425790
     12.6204655      0.7576044      0.0216236      0.0216236      0.2423956
     12.6393020      0.7577889      0.0209511      0.0209511      0.2422111
     12.6581385      0.7579744      0.0201523      0.0201523      0.2420255
     12.6769750      0.7581609      0.0192341      0.0192341      0.2418390
     12.6958116      0.7583483      0.0182039      0.0182039      0.2416516
     12.7146481      0.7585366      0.0170697      0.0170697      0.2414634
     12.7334846      0.7587255      0.0158403      0.0158403      0.2412744
     12.7523211      0.7589152      0.0145247      0.0145247      0.2410847
     12.7711576      0.7591055      0.0131327      0.0131327      0.2408944
     12.7899941      0.7592963      0.0116742      0.0116742      0.2407036
     12.8088307      0.7594876      0.0101594      0.0101594      0.2405123
     12.8276672      0.7596793      0.0085989      0.0085989      0.2403206
     12.8465037      0.7598713      0.0070033      0.0070033      0.2401286
     12.8653402      0.7600636      0.0053835      0.0053835      0.2399363
     12.8841767      0.7602560      0.0037501      0.0037501      0.2397439
     12.9030132      0.7604485      0.0021140      0.0021140      0.2395514
     12.9218498      0.7606410      0.0004856      0.0004856      0.2393589
     12.9406863      0.7608335     -0.0011245     -0.0011245      0.2391665
     12.9595228      0.7610258     -0.0027063     -0.0027063      0.2389742
     12.9783593      0.7612179     -0.0042498     -0.0042498      0.2387821
     12.9971958      0.7614096     -0.0057457     -0.0057457      0.2385903
     13.0160323      0.7616010     -0.0071848     -0.0071848      0.2383989
     13.0348688      0.7617919     -0.0085586     -0.0085586      0.2382080
     13.0537054      0.7619823     -0.0098591     -0.0098591      0.2380176
     13.0725419      0.7621721     -0.0110790     -0.0110790      0.2378278
     13.0913784      0.7623612     -0.0122112     -0.0122112      0.2376388
     13.1102149      0.7625495     -0.0132498     -0.0132498      0.2374505
     13.1290514      0.7627369     -0.0141893     -0.0141893      0.2372630
     13.1478879      0.7629234     -0.0150248     -0.0150248      0.2370765
     13.1667245      0.7631089     -0.0157524     -0.0157524      0.2368910
     13.1855610      0.7632933     -0.0163688     -0.0163688      0.2367066
     13.2043975      0.7634765     -0.0168715     -0.0168715      0.2365234
     13.2232340      0.7636585     -0.0172587     -0.0172587      0.2363414
     13.2420705      0.7638392     -0.0175296     -0.0175296      0.2361608
     13.2609070      0.7640185     -0.0176840     -0.0176840      0.2359815
     13.2797435      0.7641962     -0.0177223     -0.0177223      0.2358037
     13.2985801      0.7643725     -0.0176459     -0.0176459      0.2356275
     13.3174166      0.7645471     -0.0174568     -0.0174568      0.2354528
     13.3362531      0.7647200     -0.0171578     -0.0171578      0.2352799
     13.3550896      0.7648912     -0.0167523     -0.0167523      0.2351088
     13.3739261      0.7650605     -0.0162443     -0.0162443      0.2349395
     13.3927626      0.7652279     -0.0156386     -0.0156386      0.2347721
     13.4115992      0.7653933     -0.0149403     -0.0149403      0.2346067
     13.4304357      0.7655566     -0.0141552     -0.0141552      0.2344433
     13.4492722      0.7657179     -0.0132895     -0.0132895      0.2342821
     13.4681087      0.7658769     -0.0123500     -0.0123500      0.2341230
     13.4869452      0.7660337     -0.0113438     -0.0113438      0.2339662
     13.5057817      0.7661882     -0.0102782     -0.0102782      0.2338118
     13.5246183      0.7663403     -0.0091609     -0.0091609      0.2336597
     13.5434548      0.7664900     -0.0079998     -0.0079998      0.2335100
     13.5622913      0.7666371     -0.0068032     -0.0068032      0.2333628
     13.5811278      0.7667817     -0.0055791     -0.0055791      0.2332182
     13.5999643      0.7669237     -0.0043359     -0.0043359      0.2330763
     13.6188008      0.7670630     -0.0030818     -0.0030818      0.2329369
     13.6376373      0.7671996     -0.0018252     -0.0018252      0.2328004
     13.6564739      0.7673334     -0.0005742     -0.0005742      0.2326666
     13.6753104      0.7674643      0.0006633      0.0006633      0.2325356
     13.6941469      0.7675924      0.0018793      0.0018793      0.2324075
     13.7129834      0.7677175      0.0030664      0.0030664      0.2322824
     13.7318199      0.7678397      0.0042173      0.0042173      0.2321602
     13.7506564      0.7679588      0.0053250      0.0053250      0.2320411
     13.7694930      0.7680749      0.0063829      0.0063829      0.2319250
     13.7883295      0.7681879      0.0073850      0.0073850      0.2318121
     13.8071660      0.7682977      0.0083255      0.0083255      0.2317023
     13.8260025      0.7684043      0.0091993      0.0091993      0.2315956
     13.8448390      0.7685077      0.0100014      0.0100014      0.2314922
     13.8636755      0.7686079      0.0107279      0.0107279      0.2313921
     13.8825121      0.7687048      0.0113751      0.0113751      0.2312952
     13.9013486      0.7687983      0.0119398      0.0119398      0.2312016
     13.9201851      0.7688885      0.0124197      0.0124197      0.2311114
     13.9390216      0.7689754      0.0128127      0.0128127      0.2310246
     13.9578581      0.7690588      0.0131176      0.0131176      0.2309411
     13.9766946      0.7691388      0.0133336      0.0133336      0.2308611
     13.9955311      0.7692154      0.0134606      0.0134606      0.2307845
     14.0143677      0.7692886      0.0134990      0.0134990      0.2307114
     14.0332042      0.7693582      0.0134499      0.0134499      0.2306417
     14.0520407      0.7694244      0.0133147      0.0133147      0.2305755
     14.0708772      0.7694871      0.0130956      0.0130956      0.2305128
     14.0897137      0.7695463      0.0127951      0.0127951      0.2304536
     14.1085502      0.7696020      0.0124165      0.0124165      0.2303980
     14.1273868      0.7696541      0.0119631      0.0119631      0.2303458
     14.1462233      0.7697028      0.0114391      0.0114391      0.2302971
     14.1650598      0.7697479      0.0108488      0.0108488      0.2302520
     14.1838963      0.7697895      0.0101970      0.0101970      0.2302104
     14.2027328      0.7698276      0.0094888      0.0094888      0.2301723
     14.2215693      0.7698622      0.0087295      0.0087295      0.2301377
     14.2404058      0.7698933      0.0079248      0.0079248      0.2301066
     14.2592424      0.7699209      0.0070805      0.0070805      0.2300790
     14.2780789      0.7699450      0.0062027      0.0062027      0.2300549
     14.2969154      0.7699657      0.0052975      0.0052975      0.2300343
     14.3157519      0.7699829      0.0043712      0.0043712      0.2300171
     14.3345884      0.7699966      0.0034301      0.0034301      0.2300033
     14.3534249      0.7700070      0.0024804      0.0024804      0.2299929
     14.3722615      0.7700140      0.0015284      0.0015284      0.2299860
     14.3910980      0.7700176      0.0005804      0.0005804      0.2299823
     14.4099345      0.7700179     -0.0003577     -0.0003577      0.2299821
     14.4287710      0.7700149     -0.0012799     -0.0012799      0.2299851
     14.4476075      0.7700086     -0.0021804     -0.0021804      0.2299914
     14.4664440      0.7699990     -0.0030538     -0.0030538      0.2300009
     14.4852806      0.7699863     -0.0038949     -0.0038949      0.2300137
     14.5041171      0.7699703     -0.0046985     -0.0046985      0.2300296
     14.5229536      0.7699513     -0.0054601     -0.0054601      0.2300487
     14.5417901      0.7699291     -0.0061755     -0.0061755      0.2300708
     14.5606266      0.7699039     -0.0068405     -0.0068405      0.2300960
     14.5794631      0.7698757     -0.0074517     -0.0074517      0.2301242
     14.5982996      0.7698446     -0.0080059     -0.0080059      0.2301554
     14.6171362      0.7698105     -0.0085003     -0.0085003      0.2301894
     14.6359727      0.7697736     -0.0089327     -0.0089327      0.2302264
     14.6548092      0.7697338     -0.0093011     -0.0093011      0.2302661
     14.6736457      0.7696913     -0.0096041     -0.0096041      0.2303086
     14.6924822      0.7696461     -0.0098407     -0.0098407      0.2303538
     14.7113187      0.7695983     -0.0100103     -0.0100103      0.2304016
     14.7301553      0.7695479     -0.0101128     -0.0101128      0.2304521
     14.7489918      0.7694949     -0.0101486     -0.0101486      0.2305050
     14.7678283      0.7694395     -0.0101184     -0.0101184      0.2305604
     14.7866648      0.7693817     -0.0100234     -0.0100234      0.2306183
     14.8055013      0.7693215     -0.0098651     -0.0098651      0.2306784
     14.8243378      0.7692591     -0.0096455     -0.0096455      0.2307408
     14.8431744      0.7691945     -0.0093670     -0.0093670      0.2308055
     14.8620109      0.7691277     -0.0090321     -0.0090321      0.2308723
     14.8808474      0.7690588     -0.0086440     -0.0086440      0.2309411
     14.8996839      0.7689880     -0.0082058     -0.0082058      0.2310119
     14.9185204      0.7689153     -0.0077213     -0.0077213      0.2310847
     14.9373569      0.7688406     -0.0071941     -0.0071941      0.2311593
     14.9561934      0.7687643     -0.0066284     -0.0066284      0.2312357
     14.9750300      0.7686862     -0.0060283     -0.0060283      0.2313138
     14.9938665      0.7686065     -0.0053984     -0.0053984      0.2313935
     15.0127030      0.7685252     -0.0047430     -0.0047430      0.2314747
     15.0315395      0.7684425     -0.0040668     -0.0040668      0.2315574
     15.0503760      0.7683584     -0.0033745     -0.0033745      0.2316416
     15.0692125      0.7682730     -0.0026708     -0.0026708      0.2317270
     15.0880491      0.7681863     -0.0019604     -0.0019604      0.2318136
     15.1068856      0.7680985     -0.0012481     -0.0012481      0.2319014
     15.1257221      0.7680097     -0.0005384     -0.0005384      0.2319903
     15.1445586      0.7679198      0.0001641      0.0001641      0.2320801
     15.1633951      0.7678291      0.0008549      0.0008549      0.2321709
     15.1822316      0.7677375      0.0015298      0.0015298      0.2322624
     15.2010681      0.7676453      0.0021846      0.0021846      0.2323547
     15.2199047      0.7675523      0.0028155      0.0028155      0.2324476
     15.2387412      0.7674588      0.0034186      0.0034186      0.2325411
     15.2575777      0.7673649      0.0039906      0.0039906      0.2326351
     15.2764142      0.7672705      0.0045281      0.0045281      0.2327294
     15.2952507      0.7671759      0.0050283      0.0050283      0.2328241
     15.3140872      0.7670810      0.0054884      0.0054884      0.2329190
     15.3329238      0.7669860      0.0059061      0.0059061      0.2330140
     15.3517603      0.7668909      0.0062793      0.0062793      0.2331090
     15.3705968      0.7667959      0.0066063      0.0066063      0.2332040
     15.3894333      0.7667010      0.0068857      0.0068857      0.2332989
     15.4082698      0.7666063      0.0071164      0.0071164      0.2333936
     15.4271063      0.7665120      0.0072977      0.0072977      0.2334880
     15.4459429      0.7664180      0.0074291      0.0074291      0.2335820
     15.4647794      0.7663244      0.0075105      0.0075105      0.2336755
     15.4836159      0.7662314      0.0075422      0.0075422      0.2337685
     15.5024524      0.7661391      0.0075247      0.0075247      0.2338609
     15.5212889      0.7660474      0.0074589      0.0074589      0.2339525
     15.5401254      0.7659566      0.0073460      0.0073460      0.2340433
     15.5589619      0.7658666      0.0071874      0.0071874      0.2341333
     15.5777985      0.7657776      0.0069848      0.0069848      0.2342223
     15.5966350      0.7656897      0.0067403      0.0067403      0.2343102
     15.6154715      0.7656029      0.0064560      0.0064560      0.2343971
     15.6343080      0.7655172      0.0061344      0.0061344      0.2344827
     15.6531445      0.7654329      0.0057782      0.0057782      0.2345670
     15.6719810      0.7653499      0.0053901      0.0053901      0.2346500
     15.6908176      0.7652684      0.0049733      0.0049733      0.2347316
     15.7096541      0.7651883      0.0045308      0.0045308      0.2348116
     15.7284906      0.7651099      0.0040659      0.0040659      0.2348900
     15.7473271      0.7650331      0.0035820      0.0035820      0.2349668
     15.7661636      0.7649580      0.0030824      0.0030824      0.2350419
     15.7850001      0.7648848      0.0025707      0.0025707      0.2351152
     15.8038366      0.7648134      0.0020504      0.0020504      0.2351865
     15.8226732      0.7647439      0.0015249      0.0015249      0.2352560
     15.8415097      0.7646765      0.0009978      0.0009978      0.2353234
     15.8603462      0.7646111      0.0004724      0.0004724      0.2353888
     15.8791827      0.7645479     -0.0000479     -0.0000479      0.2354520
     15.8980192      0.7644869     -0.0005597     -0.0005597      0.2355131
     15.9168557      0.7644281     -0.0010599     -0.0010599      0.2355719
     15.9356923      0.7643716     -0.0015454     -0.0015454      0.2356283
     15.9545288      0.7643175     -0.0020133     -0.0020133      0.2356824
     15.9733653      0.7642659     -0.0024609     -0.0024609      0.2357341
     15.9922018      0.7642167     -0.0028856     -0.0028856      0.2357832
